{"inputPassword":"rebelle1234567890","level":"info","message":"Password comparison result","result":false,"storedHash":"$2b$10$9ZD4KoW1fJRQnlZfdYcln.ASzVXqoiz6IGB8LzYARk4kY6Pn3ZCom"}
{"email":"rebelle@gmail.com","level":"info","message":"Generated Salt","salt":"$2b$10$vF4./Nne7lotA3XH/PP51e"}
{"email":"rebelle@gmail.com","hashedPassword":"$2b$10$vF4./Nne7lotA3XH/PP51eggaz4cSo/S9xmdw6oj9ryHFxPgZ4i4i","level":"info","message":"Hashed Password before save"}
{"inputPassword":"rebelle1234567890","level":"info","message":"Comparing Password","storedHash":"$2b$10$vF4./Nne7lotA3XH/PP51eggaz4cSo/S9xmdw6oj9ryHFxPgZ4i4i"}
{"inputPassword":"rebelle1234567890","level":"info","message":"Password comparison result","result":false,"storedHash":"$2b$10$vF4./Nne7lotA3XH/PP51eggaz4cSo/S9xmdw6oj9ryHFxPgZ4i4i"}
{"inputPassword":"rebelle1234567890","level":"info","manualHash":"$2b$10$vF4./Nne7lotA3XH/PP51even3SG9cRruQutM9s65wgoTbjG53aqS","message":"Manual hash result","storedHash":"$2b$10$vF4./Nne7lotA3XH/PP51eggaz4cSo/S9xmdw6oj9ryHFxPgZ4i4i"}
{"inputPassword":"rebelle1234567890","level":"info","message":"Comparing Password","storedHash":"$2b$10$vF4./Nne7lotA3XH/PP51eggaz4cSo/S9xmdw6oj9ryHFxPgZ4i4i"}
{"inputPassword":"rebelle1234567890","level":"info","message":"Password comparison result","result":false,"storedHash":"$2b$10$vF4./Nne7lotA3XH/PP51eggaz4cSo/S9xmdw6oj9ryHFxPgZ4i4i"}
{"inputPassword":"rebelle1234567890","level":"info","manualHash":"$2b$10$vF4./Nne7lotA3XH/PP51even3SG9cRruQutM9s65wgoTbjG53aqS","message":"Manual hash result","storedHash":"$2b$10$vF4./Nne7lotA3XH/PP51eggaz4cSo/S9xmdw6oj9ryHFxPgZ4i4i"}
{"inputPassword":"rebelle1234567890","level":"info","message":"Comparing Password","storedHash":"$2b$10$vF4./Nne7lotA3XH/PP51eggaz4cSo/S9xmdw6oj9ryHFxPgZ4i4i"}
{"inputPassword":"rebelle1234567890","level":"info","message":"Password comparison result","result":false,"storedHash":"$2b$10$vF4./Nne7lotA3XH/PP51eggaz4cSo/S9xmdw6oj9ryHFxPgZ4i4i"}
{"inputPassword":"rebelle1234567890","level":"info","manualHash":"$2b$10$vF4./Nne7lotA3XH/PP51even3SG9cRruQutM9s65wgoTbjG53aqS","message":"Manual hash result","storedHash":"$2b$10$vF4./Nne7lotA3XH/PP51eggaz4cSo/S9xmdw6oj9ryHFxPgZ4i4i"}
{"inputPassword":"rebelle1234567890","level":"info","message":"Comparing Password","storedHash":"$2b$10$vF4./Nne7lotA3XH/PP51eggaz4cSo/S9xmdw6oj9ryHFxPgZ4i4i"}
{"inputPassword":"rebelle1234567890","level":"info","message":"Password comparison result","result":false,"storedHash":"$2b$10$vF4./Nne7lotA3XH/PP51eggaz4cSo/S9xmdw6oj9ryHFxPgZ4i4i"}
{"inputPassword":"rebelle1234567890","level":"info","manualHash":"$2b$10$vF4./Nne7lotA3XH/PP51even3SG9cRruQutM9s65wgoTbjG53aqS","message":"Manual hash result","storedHash":"$2b$10$vF4./Nne7lotA3XH/PP51eggaz4cSo/S9xmdw6oj9ryHFxPgZ4i4i"}
{"hashedPassword":"$2b$10$YfpklLxLj8EDJaOe8iN/je5LOuWOElfeJCVexWeeP5D6hZzsvRhyi","level":"info","message":"Generated Salt and Hash","salt":"$2b$10$YfpklLxLj8EDJaOe8iN/je"}
{"inputPassword":"rebelle1234567890","level":"info","message":"Password comparison result","result":false,"storedHash":"$2b$10$vF4./Nne7lotA3XH/PP51eggaz4cSo/S9xmdw6oj9ryHFxPgZ4i4i"}
{"inputPassword":"rebelle1234567890","level":"info","manualHash":"$2b$10$vF4./Nne7lotA3XH/PP51even3SG9cRruQutM9s65wgoTbjG53aqS","message":"Manual hash result","storedHash":"$2b$10$vF4./Nne7lotA3XH/PP51eggaz4cSo/S9xmdw6oj9ryHFxPgZ4i4i"}
{"inputPassword":"rebelle1234567890","level":"error","manualHash":"$2b$10$vF4./Nne7lotA3XH/PP51even3SG9cRruQutM9s65wgoTbjG53aqS","message":"Hash mismatch detected. Further investigation required.","storedHash":"$2b$10$vF4./Nne7lotA3XH/PP51eggaz4cSo/S9xmdw6oj9ryHFxPgZ4i4i"}
{"inputPassword":"rebelle1234567890","level":"info","message":"Comparing Password","storedHash":"$2b$10$vF4./Nne7lotA3XH/PP51eggaz4cSo/S9xmdw6oj9ryHFxPgZ4i4i"}
{"inputPassword":"rebelle1234567890","level":"info","message":"Password comparison result","result":false,"storedHash":"$2b$10$vF4./Nne7lotA3XH/PP51eggaz4cSo/S9xmdw6oj9ryHFxPgZ4i4i"}
{"inputPassword":"rebelle1234567890","level":"info","manualHash":"$2b$10$vF4./Nne7lotA3XH/PP51even3SG9cRruQutM9s65wgoTbjG53aqS","message":"Manual hash result","storedHash":"$2b$10$vF4./Nne7lotA3XH/PP51eggaz4cSo/S9xmdw6oj9ryHFxPgZ4i4i"}
{"hashedPassword":"$2b$10$zJkUR1Kt1OG57Jbup1t3yunYeOLNTLsNlPgykMkcEYJhJFnl8JB/2","level":"info","message":"Generated Salt and Hash","salt":"$2b$10$zJkUR1Kt1OG57Jbup1t3yu"}
{"inputPassword":"rebelle1234567890","level":"info","message":"Password comparison result","result":false,"storedHash":"$2b$10$vF4./Nne7lotA3XH/PP51eggaz4cSo/S9xmdw6oj9ryHFxPgZ4i4i"}
{"inputPassword":"rebelle1234567890","level":"info","manualHash":"$2b$10$vF4./Nne7lotA3XH/PP51even3SG9cRruQutM9s65wgoTbjG53aqS","message":"Manual hash result","storedHash":"$2b$10$vF4./Nne7lotA3XH/PP51eggaz4cSo/S9xmdw6oj9ryHFxPgZ4i4i"}
{"inputPassword":"rebelle1234567890","level":"error","manualHash":"$2b$10$vF4./Nne7lotA3XH/PP51even3SG9cRruQutM9s65wgoTbjG53aqS","message":"Hash mismatch detected. Further investigation required.","storedHash":"$2b$10$vF4./Nne7lotA3XH/PP51eggaz4cSo/S9xmdw6oj9ryHFxPgZ4i4i"}
{"hashedPassword":"$2b$10$T8yAF2FO08ljYSSXvNpuEOfkq1WqAF2uqAKWWDj5tsWmGzBFLigqq","level":"info","message":"Generated Salt and Hash","salt":"$2b$10$T8yAF2FO08ljYSSXvNpuEO"}
{"inputPassword":"rebelle1234567890","level":"info","message":"Password comparison result","result":false,"storedHash":"$2b$10$vF4./Nne7lotA3XH/PP51eggaz4cSo/S9xmdw6oj9ryHFxPgZ4i4i"}
{"inputPassword":"rebelle1234567890","level":"info","manualHash":"$2b$10$vF4./Nne7lotA3XH/PP51even3SG9cRruQutM9s65wgoTbjG53aqS","message":"Manual hash result","storedHash":"$2b$10$vF4./Nne7lotA3XH/PP51eggaz4cSo/S9xmdw6oj9ryHFxPgZ4i4i"}
{"inputPassword":"rebelle1234567890","level":"error","manualHash":"$2b$10$vF4./Nne7lotA3XH/PP51even3SG9cRruQutM9s65wgoTbjG53aqS","message":"Hash mismatch detected. Further investigation required.","storedHash":"$2b$10$vF4./Nne7lotA3XH/PP51eggaz4cSo/S9xmdw6oj9ryHFxPgZ4i4i"}
{"hashedPassword":"$2b$10$PzuNMcgtzr/FnOMkflE2U.Hay.TbIx0Ihny8gvtF6G7fU.5eRebB6","level":"info","message":"Generated Salt and Hash","salt":"$2b$10$PzuNMcgtzr/FnOMkflE2U."}
{"inputPassword":"rebelle1234567890","level":"info","message":"Password comparison result","result":false,"storedHash":"$2b$10$vF4./Nne7lotA3XH/PP51eggaz4cSo/S9xmdw6oj9ryHFxPgZ4i4i"}
{"inputPassword":"rebelle1234567890","level":"info","manualHash":"$2b$10$vF4./Nne7lotA3XH/PP51even3SG9cRruQutM9s65wgoTbjG53aqS","message":"Manual hash result","storedHash":"$2b$10$vF4./Nne7lotA3XH/PP51eggaz4cSo/S9xmdw6oj9ryHFxPgZ4i4i"}
{"inputPassword":"rebelle1234567890","level":"error","manualHash":"$2b$10$vF4./Nne7lotA3XH/PP51even3SG9cRruQutM9s65wgoTbjG53aqS","message":"Hash mismatch detected. Further investigation required.","storedHash":"$2b$10$vF4./Nne7lotA3XH/PP51eggaz4cSo/S9xmdw6oj9ryHFxPgZ4i4i"}
{"hashedPassword":"$2b$10$MhnxkVwaJCC/TqPdO.mKJuBY2NwjzgopHNxA99Oc4TFi2Hfw6qwFW","level":"info","message":"Generated Salt and Hash","salt":"$2b$10$MhnxkVwaJCC/TqPdO.mKJu"}
{"inputPassword":"rebelle1234567890","level":"info","message":"Password comparison result","result":false,"storedHash":"$2b$10$vF4./Nne7lotA3XH/PP51eggaz4cSo/S9xmdw6oj9ryHFxPgZ4i4i"}
{"inputPassword":"rebelle1234567890","level":"info","manualHash":"$2b$10$vF4./Nne7lotA3XH/PP51even3SG9cRruQutM9s65wgoTbjG53aqS","message":"Manual hash result","storedHash":"$2b$10$vF4./Nne7lotA3XH/PP51eggaz4cSo/S9xmdw6oj9ryHFxPgZ4i4i"}
{"inputPassword":"rebelle1234567890","level":"error","manualHash":"$2b$10$vF4./Nne7lotA3XH/PP51even3SG9cRruQutM9s65wgoTbjG53aqS","message":"Hash mismatch detected. Further investigation required.","storedHash":"$2b$10$vF4./Nne7lotA3XH/PP51eggaz4cSo/S9xmdw6oj9ryHFxPgZ4i4i"}
{"hashedPassword":"$2b$10$UxofUyxj2hOjdxaG5sNqhO/Q0vxwqZw6JxY4tOooirvbUDsuIryYC","level":"info","message":"Generated Salt and Hash","salt":"$2b$10$UxofUyxj2hOjdxaG5sNqhO"}
{"inputPassword":"rebelle1234567890","level":"info","message":"Password comparison result","result":false,"storedHash":"$2b$10$vF4./Nne7lotA3XH/PP51eggaz4cSo/S9xmdw6oj9ryHFxPgZ4i4i"}
{"inputPassword":"rebelle1234567890","level":"info","manualHash":"$2b$10$vF4./Nne7lotA3XH/PP51even3SG9cRruQutM9s65wgoTbjG53aqS","message":"Manual hash result","storedHash":"$2b$10$vF4./Nne7lotA3XH/PP51eggaz4cSo/S9xmdw6oj9ryHFxPgZ4i4i"}
{"inputPassword":"rebelle1234567890","level":"error","manualHash":"$2b$10$vF4./Nne7lotA3XH/PP51even3SG9cRruQutM9s65wgoTbjG53aqS","message":"Hash mismatch detected. Further investigation required.","storedHash":"$2b$10$vF4./Nne7lotA3XH/PP51eggaz4cSo/S9xmdw6oj9ryHFxPgZ4i4i"}
{"inputPassword":"rebelle1234567890","level":"info","message":"Comparing Password","storedHash":"$2b$10$vF4./Nne7lotA3XH/PP51eggaz4cSo/S9xmdw6oj9ryHFxPgZ4i4i"}
{"inputPassword":"rebelle1234567890","level":"info","message":"Password comparison result","result":false,"storedHash":"$2b$10$vF4./Nne7lotA3XH/PP51eggaz4cSo/S9xmdw6oj9ryHFxPgZ4i4i"}
{"inputPassword":"rebelle1234567890","level":"info","manualHash":"$2b$10$vF4./Nne7lotA3XH/PP51even3SG9cRruQutM9s65wgoTbjG53aqS","message":"Manual hash result","storedHash":"$2b$10$vF4./Nne7lotA3XH/PP51eggaz4cSo/S9xmdw6oj9ryHFxPgZ4i4i"}
{"hashedPassword":"$2b$10$dN8G.GmlmgeViY2aeg2OFuPeyAWChmZHj.W5cOvR9CRfB0AaJ3rTC","level":"info","message":"Generated Salt and Hash","salt":"$2b$10$dN8G.GmlmgeViY2aeg2OFu"}
{"inputPassword":"rebelle1234567890","level":"info","message":"Password comparison result","result":false,"storedHash":"$2b$10$vF4./Nne7lotA3XH/PP51eggaz4cSo/S9xmdw6oj9ryHFxPgZ4i4i"}
{"inputPassword":"rebelle1234567890","level":"info","manualHash":"$2b$10$vF4./Nne7lotA3XH/PP51even3SG9cRruQutM9s65wgoTbjG53aqS","message":"Manual hash result","storedHash":"$2b$10$vF4./Nne7lotA3XH/PP51eggaz4cSo/S9xmdw6oj9ryHFxPgZ4i4i"}
{"inputPassword":"rebelle1234567890","level":"error","manualHash":"$2b$10$vF4./Nne7lotA3XH/PP51even3SG9cRruQutM9s65wgoTbjG53aqS","message":"Hash mismatch detected. Further investigation required.","storedHash":"$2b$10$vF4./Nne7lotA3XH/PP51eggaz4cSo/S9xmdw6oj9ryHFxPgZ4i4i"}
{"hashedPassword":"$2b$10$k7YnWYv10O64nvj4sqRFJO3ke4Jgi7yKJqYxUYxT3tpKYgzSrt7mm","level":"info","message":"Generated Salt and Hash","salt":"$2b$10$k7YnWYv10O64nvj4sqRFJO"}
{"inputPassword":"rebelle1234567890","level":"info","message":"Password comparison result","result":false,"storedHash":"$2b$10$vF4./Nne7lotA3XH/PP51eggaz4cSo/S9xmdw6oj9ryHFxPgZ4i4i"}
{"inputPassword":"rebelle1234567890","level":"info","manualHash":"$2b$10$vF4./Nne7lotA3XH/PP51even3SG9cRruQutM9s65wgoTbjG53aqS","message":"Manual hash result","storedHash":"$2b$10$vF4./Nne7lotA3XH/PP51eggaz4cSo/S9xmdw6oj9ryHFxPgZ4i4i"}
{"inputPassword":"rebelle1234567890","level":"error","manualHash":"$2b$10$vF4./Nne7lotA3XH/PP51even3SG9cRruQutM9s65wgoTbjG53aqS","message":"Hash mismatch detected. Further investigation required.","storedHash":"$2b$10$vF4./Nne7lotA3XH/PP51eggaz4cSo/S9xmdw6oj9ryHFxPgZ4i4i"}
{"hashedPassword":"$2b$10$GZZzy81731QmG4DQYMNmEuo8aO.MTJ1q/yUZYnQULvbl3S1Lf7Cj.","level":"info","message":"Generated Salt and Hash","salt":"$2b$10$GZZzy81731QmG4DQYMNmEu"}
{"inputPassword":"rebelle1234567890","level":"info","message":"Password comparison result","result":false,"storedHash":"$2b$10$vF4./Nne7lotA3XH/PP51eggaz4cSo/S9xmdw6oj9ryHFxPgZ4i4i"}
{"inputPassword":"rebelle1234567890","level":"info","manualHash":"$2b$10$vF4./Nne7lotA3XH/PP51even3SG9cRruQutM9s65wgoTbjG53aqS","message":"Manual hash result","storedHash":"$2b$10$vF4./Nne7lotA3XH/PP51eggaz4cSo/S9xmdw6oj9ryHFxPgZ4i4i"}
{"inputPassword":"rebelle1234567890","level":"error","manualHash":"$2b$10$vF4./Nne7lotA3XH/PP51even3SG9cRruQutM9s65wgoTbjG53aqS","message":"Hash mismatch detected. Further investigation required.","storedHash":"$2b$10$vF4./Nne7lotA3XH/PP51eggaz4cSo/S9xmdw6oj9ryHFxPgZ4i4i"}
{"hashedPassword":"$2b$10$qGS44MW6W6XTG1NSrGXYE.C7J8E1nTRKrsCM2GPwT2sI3qGa22OG.","level":"info","message":"Generated Salt and Hash","salt":"$2b$10$qGS44MW6W6XTG1NSrGXYE."}
{"inputPassword":"rebelle1234567890","level":"info","message":"Password comparison result","result":false,"storedHash":"$2b$10$vF4./Nne7lotA3XH/PP51eggaz4cSo/S9xmdw6oj9ryHFxPgZ4i4i"}
{"hashedPassword":"$2b$10$3dJPBbpBUvcfIBueRCpOtebPARgD1iZlbFxHlMjySRIiPoCPXDlJG","level":"info","message":"Generated Salt and Hash","salt":"$2b$10$3dJPBbpBUvcfIBueRCpOte"}
{"inputPassword":"rebelle1234567890","level":"info","message":"Password comparison result","result":false,"storedHash":"$2b$10$vF4./Nne7lotA3XH/PP51eggaz4cSo/S9xmdw6oj9ryHFxPgZ4i4i"}
{"inputPassword":"rebelle1234567890","level":"info","manualHash":"$2b$10$vF4./Nne7lotA3XH/PP51even3SG9cRruQutM9s65wgoTbjG53aqS","message":"Manual hash result","storedHash":"$2b$10$vF4./Nne7lotA3XH/PP51eggaz4cSo/S9xmdw6oj9ryHFxPgZ4i4i"}
{"inputPassword":"rebelle1234567890","level":"error","manualHash":"$2b$10$vF4./Nne7lotA3XH/PP51even3SG9cRruQutM9s65wgoTbjG53aqS","message":"Hash mismatch detected. Further investigation required.","storedHash":"$2b$10$vF4./Nne7lotA3XH/PP51eggaz4cSo/S9xmdw6oj9ryHFxPgZ4i4i"}
{"hashedPassword":"$2b$10$q/iACDIdDoRk/YUVvzWlceOHy7dNObh3l7.OJsMPoxhwmhCKnLg0G","level":"info","message":"Generated Salt and Hash","salt":"$2b$10$q/iACDIdDoRk/YUVvzWlce"}
{"inputPassword":"rebelle1234567890","level":"info","message":"Password comparison result","result":false,"storedHash":"$2b$10$vF4./Nne7lotA3XH/PP51eggaz4cSo/S9xmdw6oj9ryHFxPgZ4i4i"}
{"inputPassword":"rebelle1234567890","level":"info","manualHash":"$2b$10$vF4./Nne7lotA3XH/PP51even3SG9cRruQutM9s65wgoTbjG53aqS","message":"Manual hash result","storedHash":"$2b$10$vF4./Nne7lotA3XH/PP51eggaz4cSo/S9xmdw6oj9ryHFxPgZ4i4i"}
{"inputPassword":"rebelle1234567890","level":"error","manualHash":"$2b$10$vF4./Nne7lotA3XH/PP51even3SG9cRruQutM9s65wgoTbjG53aqS","message":"Hash mismatch detected. Further investigation required.","storedHash":"$2b$10$vF4./Nne7lotA3XH/PP51eggaz4cSo/S9xmdw6oj9ryHFxPgZ4i4i"}
{"hashedPassword":"$2b$10$4wmxMn2rmkpD5TJbKZEKGel4/hKxuShjHRPPWjp4UUDh1ruOiL8bS","level":"info","message":"Generated Salt and Hash","salt":"$2b$10$4wmxMn2rmkpD5TJbKZEKGe"}
{"inputPassword":"rebelle1234567890","level":"info","message":"Password comparison result","result":false,"storedHash":"$2b$10$vF4./Nne7lotA3XH/PP51eggaz4cSo/S9xmdw6oj9ryHFxPgZ4i4i"}
{"inputPassword":"rebelle1234567890","level":"info","manualHash":"$2b$10$vF4./Nne7lotA3XH/PP51even3SG9cRruQutM9s65wgoTbjG53aqS","message":"Manual hash result","storedHash":"$2b$10$vF4./Nne7lotA3XH/PP51eggaz4cSo/S9xmdw6oj9ryHFxPgZ4i4i"}
{"inputPassword":"rebelle1234567890","level":"error","manualHash":"$2b$10$vF4./Nne7lotA3XH/PP51even3SG9cRruQutM9s65wgoTbjG53aqS","message":"Hash mismatch detected. Further investigation required.","storedHash":"$2b$10$vF4./Nne7lotA3XH/PP51eggaz4cSo/S9xmdw6oj9ryHFxPgZ4i4i"}
{"hashedPassword":"$2b$10$i6GiYzovj4m.6UkzzYCJwOt8j1Q5WLU.jzc2NDjS7Ce9GBJX35s3S","level":"info","message":"Generated Salt and Hash","salt":"$2b$10$i6GiYzovj4m.6UkzzYCJwO"}
{"hashedPassword":"$2b$10$cT.YHLgwaoTu5NMtyB5fM.sroRmZn8ZEYqlRoxy7wVWR34WMcP/wy","level":"info","message":"Generated Salt and Hash","salt":"$2b$10$cT.YHLgwaoTu5NMtyB5fM."}
{"inputPassword":"rebelle1234567890","level":"info","message":"Password comparison result","result":false,"storedHash":"$2b$10$vF4./Nne7lotA3XH/PP51eggaz4cSo/S9xmdw6oj9ryHFxPgZ4i4i"}
{"inputPassword":"rebelle1234567890","level":"info","manualHash":"$2b$10$vF4./Nne7lotA3XH/PP51even3SG9cRruQutM9s65wgoTbjG53aqS","message":"Manual hash result","storedHash":"$2b$10$vF4./Nne7lotA3XH/PP51eggaz4cSo/S9xmdw6oj9ryHFxPgZ4i4i"}
{"inputPassword":"rebelle1234567890","level":"error","manualHash":"$2b$10$vF4./Nne7lotA3XH/PP51even3SG9cRruQutM9s65wgoTbjG53aqS","message":"Hash mismatch detected. Further investigation required.","storedHash":"$2b$10$vF4./Nne7lotA3XH/PP51eggaz4cSo/S9xmdw6oj9ryHFxPgZ4i4i"}
{"email":"belle@gmail.com","level":"info","message":"Generated Salt","salt":"$2b$10$HtgTnx3v24Qd/NhSP5l.E."}
{"email":"belle@gmail.com","hashedPassword":"$2b$10$HtgTnx3v24Qd/NhSP5l.E.mKyGAtYG5MP0aJnUaSEeAR4iCaRasZ6","level":"info","message":"Hashed Password before save"}
{"hashedPassword":"$2b$10$LqHWdMSTIlSi3MENdL99b.ZKLA5KMYdyWulXge9KCU.uZXjrT0Ca6","level":"info","message":"Generated Salt and Hash","salt":"$2b$10$LqHWdMSTIlSi3MENdL99b."}
{"inputPassword":"rebelle1234567890","level":"info","message":"Password comparison result","result":false,"storedHash":"$2b$10$vF4./Nne7lotA3XH/PP51eggaz4cSo/S9xmdw6oj9ryHFxPgZ4i4i"}
{"inputPassword":"rebelle1234567890","level":"info","manualHash":"$2b$10$vF4./Nne7lotA3XH/PP51even3SG9cRruQutM9s65wgoTbjG53aqS","message":"Manual hash result","storedHash":"$2b$10$vF4./Nne7lotA3XH/PP51eggaz4cSo/S9xmdw6oj9ryHFxPgZ4i4i"}
{"inputPassword":"rebelle1234567890","level":"error","manualHash":"$2b$10$vF4./Nne7lotA3XH/PP51even3SG9cRruQutM9s65wgoTbjG53aqS","message":"Hash mismatch detected. Further investigation required.","storedHash":"$2b$10$vF4./Nne7lotA3XH/PP51eggaz4cSo/S9xmdw6oj9ryHFxPgZ4i4i"}
{"hashedPassword":"$2b$10$2DuL27uavykFL/cV/wj/E.9qnK5nBTT9Dd2Ky34AgJz9wrNnFQfMy","level":"info","message":"Generated Salt and Hash","salt":"$2b$10$2DuL27uavykFL/cV/wj/E."}
{"inputPassword":"rebelle1234567890","level":"info","message":"Password comparison result","result":false,"storedHash":"$2b$10$vF4./Nne7lotA3XH/PP51eggaz4cSo/S9xmdw6oj9ryHFxPgZ4i4i"}
{"inputPassword":"rebelle1234567890","level":"info","manualHash":"$2b$10$vF4./Nne7lotA3XH/PP51even3SG9cRruQutM9s65wgoTbjG53aqS","message":"Manual hash result","storedHash":"$2b$10$vF4./Nne7lotA3XH/PP51eggaz4cSo/S9xmdw6oj9ryHFxPgZ4i4i"}
{"inputPassword":"rebelle1234567890","level":"error","manualHash":"$2b$10$vF4./Nne7lotA3XH/PP51even3SG9cRruQutM9s65wgoTbjG53aqS","message":"Hash mismatch detected. Further  estigation required.","storedHash":"$2b$10$vF4./Nne7lotA3XH/PP51eggaz4cSo/S9xmdw6oj9ryHFxPgZ4i4i"}
{"hashedPassword":"$2b$10$MnImkHzCRlJh8phoWjpK9uCTxbeGYFDj3bMy.o16Dy30./k5qY92i","level":"info","message":"Generated Salt and Hash","salt":"$2b$10$MnImkHzCRlJh8phoWjpK9u"}
{"inputPassword":"rebelle1234567890","level":"info","message":"Password comparison result","result":false,"storedHash":"$2b$10$vF4./Nne7lotA3XH/PP51eggaz4cSo/S9xmdw6oj9ryHFxPgZ4i4i"}
{"inputPassword":"rebelle1234567890","level":"info","manualHash":"$2b$10$vF4./Nne7lotA3XH/PP51even3SG9cRruQutM9s65wgoTbjG53aqS","message":"Manual hash result","storedHash":"$2b$10$vF4./Nne7lotA3XH/PP51eggaz4cSo/S9xmdw6oj9ryHFxPgZ4i4i"}
{"inputPassword":"rebelle1234567890","level":"error","manualHash":"$2b$10$vF4./Nne7lotA3XH/PP51even3SG9cRruQutM9s65wgoTbjG53aqS","message":"Hash mismatch detected. Further  estigation required.","storedHash":"$2b$10$vF4./Nne7lotA3XH/PP51eggaz4cSo/S9xmdw6oj9ryHFxPgZ4i4i"}
{"hashedPassword":"$2b$10$tfIQmG4XrQEl8PorNWRq4OUTXs8CPeJWdAQXlpQ4hLAbNRKii1EFK","level":"info","message":"Generated Salt and Hash","salt":"$2b$10$tfIQmG4XrQEl8PorNWRq4O"}
{"inputPassword":"rebelle1234567890","level":"info","message":"Password comparison result","result":false,"storedHash":"$2b$10$vF4./Nne7lotA3XH/PP51eggaz4cSo/S9xmdw6oj9ryHFxPgZ4i4i"}
{"inputPassword":"rebelle1234567890","level":"info","manualHash":"$2b$10$vF4./Nne7lotA3XH/PP51even3SG9cRruQutM9s65wgoTbjG53aqS","message":"Manual hash result","storedHash":"$2b$10$vF4./Nne7lotA3XH/PP51eggaz4cSo/S9xmdw6oj9ryHFxPgZ4i4i"}
{"inputPassword":"rebelle1234567890","level":"error","manualHash":"$2b$10$vF4./Nne7lotA3XH/PP51even3SG9cRruQutM9s65wgoTbjG53aqS","message":"Hash mismatch detected. Further  estigation required.","storedHash":"$2b$10$vF4./Nne7lotA3XH/PP51eggaz4cSo/S9xmdw6oj9ryHFxPgZ4i4i"}
{"hashedPassword":"$2b$10$63g4isXaM7x/kOSPv8uR0uHi8ihOUIqpHXfgA6NOH.ALhZBBxFme6","level":"info","message":"Generated Salt and Hash","salt":"$2b$10$63g4isXaM7x/kOSPv8uR0u"}
{"inputPassword":"rebelle1234567890","level":"info","message":"Password comparison result","result":false,"storedHash":"$2b$10$vF4./Nne7lotA3XH/PP51eggaz4cSo/S9xmdw6oj9ryHFxPgZ4i4i"}
{"inputPassword":"rebelle1234567890","level":"info","manualHash":"$2b$10$vF4./Nne7lotA3XH/PP51even3SG9cRruQutM9s65wgoTbjG53aqS","message":"Manual hash result","storedHash":"$2b$10$vF4./Nne7lotA3XH/PP51eggaz4cSo/S9xmdw6oj9ryHFxPgZ4i4i"}
{"inputPassword":"rebelle1234567890","level":"error","manualHash":"$2b$10$vF4./Nne7lotA3XH/PP51even3SG9cRruQutM9s65wgoTbjG53aqS","message":"Hash mismatch detected. Further  estigation required.","storedHash":"$2b$10$vF4./Nne7lotA3XH/PP51eggaz4cSo/S9xmdw6oj9ryHFxPgZ4i4i"}
{"hashedPassword":"$2b$10$I8d6CtFYHlYEnFC3UYvhoeMYXpx613y/KESUEDUzHcqUW3Ffc.G8.","level":"info","message":"Generated Salt and Hash","salt":"$2b$10$I8d6CtFYHlYEnFC3UYvhoe"}
{"inputPassword":"rebelle1234567890","level":"info","message":"Password comparison result","result":false,"storedHash":"$2b$10$vF4./Nne7lotA3XH/PP51eggaz4cSo/S9xmdw6oj9ryHFxPgZ4i4i"}
{"inputPassword":"rebelle1234567890","level":"info","manualHash":"$2b$10$vF4./Nne7lotA3XH/PP51even3SG9cRruQutM9s65wgoTbjG53aqS","message":"Manual hash result","storedHash":"$2b$10$vF4./Nne7lotA3XH/PP51eggaz4cSo/S9xmdw6oj9ryHFxPgZ4i4i"}
{"inputPassword":"rebelle1234567890","level":"error","manualHash":"$2b$10$vF4./Nne7lotA3XH/PP51even3SG9cRruQutM9s65wgoTbjG53aqS","message":"Hash mismatch detected. Further  estigation required.","storedHash":"$2b$10$vF4./Nne7lotA3XH/PP51eggaz4cSo/S9xmdw6oj9ryHFxPgZ4i4i"}
{"hashedPassword":"$2b$10$yNJzUDaspUvNGu6ImtyLV.9sgLmwU3pu/gKbfFS02yEJP834aXF.q","level":"info","message":"Generated Salt and Hash","salt":"$2b$10$yNJzUDaspUvNGu6ImtyLV."}
{"inputPassword":"rebelle1234567890","level":"info","message":"Password comparison result","result":false,"storedHash":"$2b$10$vF4./Nne7lotA3XH/PP51eggaz4cSo/S9xmdw6oj9ryHFxPgZ4i4i"}
{"inputPassword":"rebelle1234567890","level":"info","manualHash":"$2b$10$vF4./Nne7lotA3XH/PP51even3SG9cRruQutM9s65wgoTbjG53aqS","message":"Manual hash result","storedHash":"$2b$10$vF4./Nne7lotA3XH/PP51eggaz4cSo/S9xmdw6oj9ryHFxPgZ4i4i"}
{"inputPassword":"rebelle1234567890","level":"error","manualHash":"$2b$10$vF4./Nne7lotA3XH/PP51even3SG9cRruQutM9s65wgoTbjG53aqS","message":"Hash mismatch detected. Further  estigation required.","storedHash":"$2b$10$vF4./Nne7lotA3XH/PP51eggaz4cSo/S9xmdw6oj9ryHFxPgZ4i4i"}
{"hashedPassword":"$2b$10$Ed201/hVS7DLtIqvR3szweQ9RZjwkM1ZbLwviovs/RZ4PPfif6.t6","level":"info","message":"Generated Salt and Hash","salt":"$2b$10$Ed201/hVS7DLtIqvR3szwe"}
{"inputPassword":"rebelle1234567890","level":"info","message":"Password comparison result","result":false,"storedHash":"$2b$10$vF4./Nne7lotA3XH/PP51eggaz4cSo/S9xmdw6oj9ryHFxPgZ4i4i"}
{"inputPassword":"rebelle1234567890","level":"info","manualHash":"$2b$10$vF4./Nne7lotA3XH/PP51even3SG9cRruQutM9s65wgoTbjG53aqS","message":"Manual hash result","storedHash":"$2b$10$vF4./Nne7lotA3XH/PP51eggaz4cSo/S9xmdw6oj9ryHFxPgZ4i4i"}
{"inputPassword":"rebelle1234567890","level":"error","manualHash":"$2b$10$vF4./Nne7lotA3XH/PP51even3SG9cRruQutM9s65wgoTbjG53aqS","message":"Hash mismatch detected. Further  estigation required.","storedHash":"$2b$10$vF4./Nne7lotA3XH/PP51eggaz4cSo/S9xmdw6oj9ryHFxPgZ4i4i"}
{"hashedPassword":"$2b$10$drjXT.WuRDSkayxogtLRQemTewsXN0miPrtYZ9PnNYwLa.bYp4Spa","level":"info","message":"Generated Salt and Hash","salt":"$2b$10$drjXT.WuRDSkayxogtLRQe"}
{"inputPassword":"rebelle1234567890","level":"info","message":"Password comparison result","result":false,"storedHash":"$2b$10$vF4./Nne7lotA3XH/PP51eggaz4cSo/S9xmdw6oj9ryHFxPgZ4i4i"}
{"inputPassword":"rebelle1234567890","level":"info","manualHash":"$2b$10$vF4./Nne7lotA3XH/PP51even3SG9cRruQutM9s65wgoTbjG53aqS","message":"Manual hash result","storedHash":"$2b$10$vF4./Nne7lotA3XH/PP51eggaz4cSo/S9xmdw6oj9ryHFxPgZ4i4i"}
{"inputPassword":"rebelle1234567890","level":"error","manualHash":"$2b$10$vF4./Nne7lotA3XH/PP51even3SG9cRruQutM9s65wgoTbjG53aqS","message":"Hash mismatch detected. Further  estigation required.","storedHash":"$2b$10$vF4./Nne7lotA3XH/PP51eggaz4cSo/S9xmdw6oj9ryHFxPgZ4i4i"}
{"hashedPassword":"$2b$10$hzM.ic0jjAXsftN45Hv8HOlS/hXjv1TOxTXbEg4lyg0G61UjW7Y3W","level":"info","message":"Generated Salt and Hash","salt":"$2b$10$hzM.ic0jjAXsftN45Hv8HO"}
{"inputPassword":"rebelle1234567890","level":"info","message":"Password comparison result","result":false,"storedHash":"$2b$10$vF4./Nne7lotA3XH/PP51eggaz4cSo/S9xmdw6oj9ryHFxPgZ4i4i"}
{"inputPassword":"rebelle1234567890","level":"info","manualHash":"$2b$10$vF4./Nne7lotA3XH/PP51even3SG9cRruQutM9s65wgoTbjG53aqS","message":"Manual hash result","storedHash":"$2b$10$vF4./Nne7lotA3XH/PP51eggaz4cSo/S9xmdw6oj9ryHFxPgZ4i4i"}
{"inputPassword":"rebelle1234567890","level":"error","manualHash":"$2b$10$vF4./Nne7lotA3XH/PP51even3SG9cRruQutM9s65wgoTbjG53aqS","message":"Hash mismatch detected. Further  estigation required.","storedHash":"$2b$10$vF4./Nne7lotA3XH/PP51eggaz4cSo/S9xmdw6oj9ryHFxPgZ4i4i"}
{"hashedPassword":"$2b$10$WdUBeICj9m7uidYRubSDjuupInrzR.H4PH.OvBpy819zws4ncpoby","level":"info","message":"Generated Salt and Hash","salt":"$2b$10$WdUBeICj9m7uidYRubSDju"}
{"inputPassword":"rebelle1234567890","level":"info","message":"Password comparison result","result":false,"storedHash":"$2b$10$vF4./Nne7lotA3XH/PP51eggaz4cSo/S9xmdw6oj9ryHFxPgZ4i4i"}
{"inputPassword":"rebelle1234567890","level":"info","manualHash":"$2b$10$vF4./Nne7lotA3XH/PP51even3SG9cRruQutM9s65wgoTbjG53aqS","message":"Manual hash result","storedHash":"$2b$10$vF4./Nne7lotA3XH/PP51eggaz4cSo/S9xmdw6oj9ryHFxPgZ4i4i"}
{"inputPassword":"rebelle1234567890","level":"error","manualHash":"$2b$10$vF4./Nne7lotA3XH/PP51even3SG9cRruQutM9s65wgoTbjG53aqS","message":"Hash mismatch detected. Further  estigation required.","storedHash":"$2b$10$vF4./Nne7lotA3XH/PP51eggaz4cSo/S9xmdw6oj9ryHFxPgZ4i4i"}
{"hashedPassword":"$2b$10$.6JjHBkK.VwOuMoi3BX/0uoFxS.BldW9KhCR4RFAYip4Zx4Brf5ou","level":"info","message":"Generated Salt and Hash","salt":"$2b$10$.6JjHBkK.VwOuMoi3BX/0u"}
{"inputPassword":"rebelle1234567890","level":"info","message":"Password comparison result","result":false,"storedHash":"$2b$10$vF4./Nne7lotA3XH/PP51eggaz4cSo/S9xmdw6oj9ryHFxPgZ4i4i"}
{"inputPassword":"rebelle1234567890","level":"info","manualHash":"$2b$10$vF4./Nne7lotA3XH/PP51even3SG9cRruQutM9s65wgoTbjG53aqS","message":"Manual hash result","storedHash":"$2b$10$vF4./Nne7lotA3XH/PP51eggaz4cSo/S9xmdw6oj9ryHFxPgZ4i4i"}
{"inputPassword":"rebelle1234567890","level":"error","manualHash":"$2b$10$vF4./Nne7lotA3XH/PP51even3SG9cRruQutM9s65wgoTbjG53aqS","message":"Hash mismatch detected. Further  estigation required.","storedHash":"$2b$10$vF4./Nne7lotA3XH/PP51eggaz4cSo/S9xmdw6oj9ryHFxPgZ4i4i"}
{"hashedPassword":"$2b$10$JP2wNXAOS4Hqu99xXfnZxOrUs9PQ.1H0xO8ItX9BS1utl4o/wANFq","level":"info","message":"Generated Salt and Hash","salt":"$2b$10$JP2wNXAOS4Hqu99xXfnZxO"}
{"inputPassword":"rebelle1234567890","level":"info","message":"Password comparison result","result":false,"storedHash":"$2b$10$vF4./Nne7lotA3XH/PP51eggaz4cSo/S9xmdw6oj9ryHFxPgZ4i4i"}
{"hashedPassword":"$2b$10$WZuFE1H9FwU9OtmI/ZH2Nu6yO5zioZJ/FbfEwK4DjD66bDbklqZuu","level":"info","message":"Generated Salt and Hash","salt":"$2b$10$WZuFE1H9FwU9OtmI/ZH2Nu"}
{"inputPassword":"rebelle1234567890","level":"info","message":"Password comparison result","result":false,"storedHash":"$2b$10$vF4./Nne7lotA3XH/PP51eggaz4cSo/S9xmdw6oj9ryHFxPgZ4i4i"}
{"inputPassword":"rebelle1234567890","level":"info","manualHash":"$2b$10$vF4./Nne7lotA3XH/PP51even3SG9cRruQutM9s65wgoTbjG53aqS","message":"Manual hash result","storedHash":"$2b$10$vF4./Nne7lotA3XH/PP51eggaz4cSo/S9xmdw6oj9ryHFxPgZ4i4i"}
{"inputPassword":"rebelle1234567890","level":"error","manualHash":"$2b$10$vF4./Nne7lotA3XH/PP51even3SG9cRruQutM9s65wgoTbjG53aqS","message":"Hash mismatch detected. Further  estigation required.","storedHash":"$2b$10$vF4./Nne7lotA3XH/PP51eggaz4cSo/S9xmdw6oj9ryHFxPgZ4i4i"}
{"hashedPassword":"$2b$10$.2FgkoM3XNirG96tXw.MWeXruObfIF6IsqXWr2Qu96A/hcTMZF/Me","level":"info","message":"Generated Salt and Hash","salt":"$2b$10$.2FgkoM3XNirG96tXw.MWe"}
{"inputPassword":"rebelle1234567890","level":"info","message":"Password comparison result","result":false,"storedHash":"$2b$10$vF4./Nne7lotA3XH/PP51eggaz4cSo/S9xmdw6oj9ryHFxPgZ4i4i"}
{"inputPassword":"rebelle1234567890","level":"info","manualHash":"$2b$10$vF4./Nne7lotA3XH/PP51even3SG9cRruQutM9s65wgoTbjG53aqS","message":"Manual hash result","storedHash":"$2b$10$vF4./Nne7lotA3XH/PP51eggaz4cSo/S9xmdw6oj9ryHFxPgZ4i4i"}
{"inputPassword":"rebelle1234567890","level":"error","manualHash":"$2b$10$vF4./Nne7lotA3XH/PP51even3SG9cRruQutM9s65wgoTbjG53aqS","message":"Hash mismatch detected. Further  estigation required.","storedHash":"$2b$10$vF4./Nne7lotA3XH/PP51eggaz4cSo/S9xmdw6oj9ryHFxPgZ4i4i"}
{"hashedPassword":"$2b$10$3etl0zIJ3uycnnn6YjEcheDhJMKXlUyFWUJYEXDq4j01CQF7ty5Ji","level":"info","message":"Generated Salt and Hash","salt":"$2b$10$3etl0zIJ3uycnnn6YjEche"}
{"inputPassword":"rebelle1234567890","level":"info","message":"Password comparison result","result":false,"storedHash":"$2b$10$vF4./Nne7lotA3XH/PP51eggaz4cSo/S9xmdw6oj9ryHFxPgZ4i4i"}
{"inputPassword":"rebelle1234567890","level":"info","manualHash":"$2b$10$vF4./Nne7lotA3XH/PP51even3SG9cRruQutM9s65wgoTbjG53aqS","message":"Manual hash result","storedHash":"$2b$10$vF4./Nne7lotA3XH/PP51eggaz4cSo/S9xmdw6oj9ryHFxPgZ4i4i"}
{"inputPassword":"rebelle1234567890","level":"error","manualHash":"$2b$10$vF4./Nne7lotA3XH/PP51even3SG9cRruQutM9s65wgoTbjG53aqS","message":"Hash mismatch detected. Further  estigation required.","storedHash":"$2b$10$vF4./Nne7lotA3XH/PP51eggaz4cSo/S9xmdw6oj9ryHFxPgZ4i4i"}
{"hashedPassword":"$2b$10$1JtlFXCX2eW5.LxbHYeHg.1RBtcvDbBkYZP0edP05nNgxSuDm4s.m","level":"info","message":"Generated Salt and Hash","salt":"$2b$10$1JtlFXCX2eW5.LxbHYeHg."}
{"inputPassword":"rebelle1234567890","level":"info","message":"Password comparison result","result":false,"storedHash":"$2b$10$vF4./Nne7lotA3XH/PP51eggaz4cSo/S9xmdw6oj9ryHFxPgZ4i4i"}
{"inputPassword":"rebelle1234567890","level":"info","manualHash":"$2b$10$vF4./Nne7lotA3XH/PP51even3SG9cRruQutM9s65wgoTbjG53aqS","message":"Manual hash result","storedHash":"$2b$10$vF4./Nne7lotA3XH/PP51eggaz4cSo/S9xmdw6oj9ryHFxPgZ4i4i"}
{"inputPassword":"rebelle1234567890","level":"error","manualHash":"$2b$10$vF4./Nne7lotA3XH/PP51even3SG9cRruQutM9s65wgoTbjG53aqS","message":"Hash mismatch detected. Further  estigation required.","storedHash":"$2b$10$vF4./Nne7lotA3XH/PP51eggaz4cSo/S9xmdw6oj9ryHFxPgZ4i4i"}
{"hashedPassword":"$2b$10$IIVvTH3RaafjS2wUUNPoxOozGICZsxmq/rQjZNPKTa0yHvPxqzU6a","level":"info","message":"Generated Salt and Hash","salt":"$2b$10$IIVvTH3RaafjS2wUUNPoxO"}
{"inputPassword":"rebelle1234567890","level":"info","message":"Password comparison result","result":false,"storedHash":"$2b$10$vF4./Nne7lotA3XH/PP51eggaz4cSo/S9xmdw6oj9ryHFxPgZ4i4i"}
{"inputPassword":"rebelle1234567890","level":"info","manualHash":"$2b$10$vF4./Nne7lotA3XH/PP51even3SG9cRruQutM9s65wgoTbjG53aqS","message":"Manual hash result","storedHash":"$2b$10$vF4./Nne7lotA3XH/PP51eggaz4cSo/S9xmdw6oj9ryHFxPgZ4i4i"}
{"inputPassword":"rebelle1234567890","level":"error","manualHash":"$2b$10$vF4./Nne7lotA3XH/PP51even3SG9cRruQutM9s65wgoTbjG53aqS","message":"Hash mismatch detected. Further  estigation required.","storedHash":"$2b$10$vF4./Nne7lotA3XH/PP51eggaz4cSo/S9xmdw6oj9ryHFxPgZ4i4i"}
{"email":"belle@gmail.com","level":"info","message":"Generated Salt","salt":"$2b$10$2wCJKxz8Ry058.uWlWJyXe"}
{"email":"belle@gmail.com","hashedPassword":"$2b$10$2wCJKxz8Ry058.uWlWJyXeqh.es53LkqHUmLJMN71O9XEg93fA1eS","level":"info","message":"Hashed Password before save"}
{"hashedPassword":"$2b$10$Yz9xUOj.uhGGA9Mr/1tHiexroXMeh71oliy3nIGC1QvNliJtB.3LW","level":"info","message":"Generated Salt and Hash","salt":"$2b$10$Yz9xUOj.uhGGA9Mr/1tHie"}
{"inputPassword":"rebelle1234567890","level":"info","message":"Password comparison result","result":false,"storedHash":"$2b$10$vF4./Nne7lotA3XH/PP51eggaz4cSo/S9xmdw6oj9ryHFxPgZ4i4i"}
{"inputPassword":"rebelle1234567890","level":"info","manualHash":"$2b$10$vF4./Nne7lotA3XH/PP51even3SG9cRruQutM9s65wgoTbjG53aqS","message":"Manual hash result","storedHash":"$2b$10$vF4./Nne7lotA3XH/PP51eggaz4cSo/S9xmdw6oj9ryHFxPgZ4i4i"}
{"inputPassword":"rebelle1234567890","level":"error","manualHash":"$2b$10$vF4./Nne7lotA3XH/PP51even3SG9cRruQutM9s65wgoTbjG53aqS","message":"Hash mismatch detected. Further  estigation required.","storedHash":"$2b$10$vF4./Nne7lotA3XH/PP51eggaz4cSo/S9xmdw6oj9ryHFxPgZ4i4i"}
{"hashedPassword":"$2b$10$jvNABW1XLlbRBLuswqy0ieOsCiK0i3A.oi11/kMsPMLp9pohwRKJ6","level":"info","message":"Generated Salt and Hash","salt":"$2b$10$jvNABW1XLlbRBLuswqy0ie"}
{"inputPassword":"rebelle1234567890","level":"info","message":"Password comparison result","result":false,"storedHash":"$2b$10$vF4./Nne7lotA3XH/PP51eggaz4cSo/S9xmdw6oj9ryHFxPgZ4i4i"}
{"inputPassword":"rebelle1234567890","level":"info","manualHash":"$2b$10$vF4./Nne7lotA3XH/PP51even3SG9cRruQutM9s65wgoTbjG53aqS","message":"Manual hash result","storedHash":"$2b$10$vF4./Nne7lotA3XH/PP51eggaz4cSo/S9xmdw6oj9ryHFxPgZ4i4i"}
{"inputPassword":"rebelle1234567890","level":"error","manualHash":"$2b$10$vF4./Nne7lotA3XH/PP51even3SG9cRruQutM9s65wgoTbjG53aqS","message":"Hash mismatch detected. Further  estigation required.","storedHash":"$2b$10$vF4./Nne7lotA3XH/PP51eggaz4cSo/S9xmdw6oj9ryHFxPgZ4i4i"}
{"hashedPassword":"$2b$10$0UhAD0aNNIvJLZY.i7EcquNwwiEjes4ySrc2RNBBzEubQpykQQgoq","level":"info","message":"Generated Salt and Hash","salt":"$2b$10$0UhAD0aNNIvJLZY.i7Ecqu"}
{"inputPassword":"rebelle1234567890","level":"info","message":"Password comparison result","result":false,"storedHash":"$2b$10$vF4./Nne7lotA3XH/PP51eggaz4cSo/S9xmdw6oj9ryHFxPgZ4i4i"}
{"inputPassword":"rebelle1234567890","level":"info","manualHash":"$2b$10$vF4./Nne7lotA3XH/PP51even3SG9cRruQutM9s65wgoTbjG53aqS","message":"Manual hash result","storedHash":"$2b$10$vF4./Nne7lotA3XH/PP51eggaz4cSo/S9xmdw6oj9ryHFxPgZ4i4i"}
{"inputPassword":"rebelle1234567890","level":"error","manualHash":"$2b$10$vF4./Nne7lotA3XH/PP51even3SG9cRruQutM9s65wgoTbjG53aqS","message":"Hash mismatch detected. Further  estigation required.","storedHash":"$2b$10$vF4./Nne7lotA3XH/PP51eggaz4cSo/S9xmdw6oj9ryHFxPgZ4i4i"}
{"hashedPassword":"$2b$10$i1m5/WeLwFeklVqX1t.lO.Ht/KfrLP9vdFyuIeRPxG876QE7VJZNu","level":"info","message":"Generated Salt and Hash","salt":"$2b$10$i1m5/WeLwFeklVqX1t.lO."}
{"inputPassword":"rebelle1234567890","level":"info","message":"Password comparison result","result":false,"storedHash":"$2b$10$vF4./Nne7lotA3XH/PP51eggaz4cSo/S9xmdw6oj9ryHFxPgZ4i4i"}
{"inputPassword":"rebelle1234567890","level":"info","manualHash":"$2b$10$vF4./Nne7lotA3XH/PP51even3SG9cRruQutM9s65wgoTbjG53aqS","message":"Manual hash result","storedHash":"$2b$10$vF4./Nne7lotA3XH/PP51eggaz4cSo/S9xmdw6oj9ryHFxPgZ4i4i"}
{"inputPassword":"rebelle1234567890","level":"error","manualHash":"$2b$10$vF4./Nne7lotA3XH/PP51even3SG9cRruQutM9s65wgoTbjG53aqS","message":"Hash mismatch detected. Further  estigation required.","storedHash":"$2b$10$vF4./Nne7lotA3XH/PP51eggaz4cSo/S9xmdw6oj9ryHFxPgZ4i4i"}
{"hashedPassword":"$2b$10$TWLPHLy5kOrFWYJG7E3t8OKIajo/XOdzte9xRitJt17vEud4.7XS2","level":"info","message":"Generated Salt and Hash","salt":"$2b$10$TWLPHLy5kOrFWYJG7E3t8O"}
{"inputPassword":"rebelle1234567890","level":"info","message":"Password comparison result","result":false,"storedHash":"$2b$10$vF4./Nne7lotA3XH/PP51eggaz4cSo/S9xmdw6oj9ryHFxPgZ4i4i"}
{"inputPassword":"rebelle1234567890","level":"info","manualHash":"$2b$10$vF4./Nne7lotA3XH/PP51even3SG9cRruQutM9s65wgoTbjG53aqS","message":"Manual hash result","storedHash":"$2b$10$vF4./Nne7lotA3XH/PP51eggaz4cSo/S9xmdw6oj9ryHFxPgZ4i4i"}
{"inputPassword":"rebelle1234567890","level":"error","manualHash":"$2b$10$vF4./Nne7lotA3XH/PP51even3SG9cRruQutM9s65wgoTbjG53aqS","message":"Hash mismatch detected. Further  estigation required.","storedHash":"$2b$10$vF4./Nne7lotA3XH/PP51eggaz4cSo/S9xmdw6oj9ryHFxPgZ4i4i"}
{"hashedPassword":"$2b$10$0L0tQyrwV8bu5WBhVE4SZOfiZPk9KN7EDOKl2VxQiyfxhDK2uyX7i","level":"info","message":"Generated Salt and Hash","salt":"$2b$10$0L0tQyrwV8bu5WBhVE4SZO"}
{"inputPassword":"rebelle1234567890","level":"info","message":"Password comparison result","result":false,"storedHash":"$2b$10$vF4./Nne7lotA3XH/PP51eggaz4cSo/S9xmdw6oj9ryHFxPgZ4i4i"}
{"inputPassword":"rebelle1234567890","level":"info","manualHash":"$2b$10$vF4./Nne7lotA3XH/PP51even3SG9cRruQutM9s65wgoTbjG53aqS","message":"Manual hash result","storedHash":"$2b$10$vF4./Nne7lotA3XH/PP51eggaz4cSo/S9xmdw6oj9ryHFxPgZ4i4i"}
{"inputPassword":"rebelle1234567890","level":"error","manualHash":"$2b$10$vF4./Nne7lotA3XH/PP51even3SG9cRruQutM9s65wgoTbjG53aqS","message":"Hash mismatch detected. Further  estigation required.","storedHash":"$2b$10$vF4./Nne7lotA3XH/PP51eggaz4cSo/S9xmdw6oj9ryHFxPgZ4i4i"}
{"hashedPassword":"$2b$10$IWjUl7BSwbI9m1fA2ThXluYX4mYJ4WW9HBkBTIiOkIVEMXXIprBAO","level":"info","message":"Generated Salt and Hash","salt":"$2b$10$IWjUl7BSwbI9m1fA2ThXlu"}
{"inputPassword":"rebelle1234567890","level":"info","message":"Password comparison result","result":false,"storedHash":"$2b$10$vF4./Nne7lotA3XH/PP51eggaz4cSo/S9xmdw6oj9ryHFxPgZ4i4i"}
{"inputPassword":"rebelle1234567890","level":"info","manualHash":"$2b$10$vF4./Nne7lotA3XH/PP51even3SG9cRruQutM9s65wgoTbjG53aqS","message":"Manual hash result","storedHash":"$2b$10$vF4./Nne7lotA3XH/PP51eggaz4cSo/S9xmdw6oj9ryHFxPgZ4i4i"}
{"inputPassword":"rebelle1234567890","level":"error","manualHash":"$2b$10$vF4./Nne7lotA3XH/PP51even3SG9cRruQutM9s65wgoTbjG53aqS","message":"Hash mismatch detected. Further  estigation required.","storedHash":"$2b$10$vF4./Nne7lotA3XH/PP51eggaz4cSo/S9xmdw6oj9ryHFxPgZ4i4i"}
{"email":"rebelle@gmail.com","level":"info","message":"Generated Salt","salt":"$2b$10$1eJEvuaxE3HVYQdtHL8HOu"}
{"email":"rebelle@gmail.com","hashedPassword":"$2b$10$1eJEvuaxE3HVYQdtHL8HOu0c9LTy59OEV6qC8peyAN2s6DRsI94M.","level":"info","message":"Hashed Password before save"}
{"hashedPassword":"$2b$10$HAed23gy44imoQzeIGPgPODVhCyIaiecFnpqoalmxlv5Oyrw9oE/G","level":"info","message":"Generated Salt and Hash","salt":"$2b$10$HAed23gy44imoQzeIGPgPO"}
{"inputPassword":"rebelle1234567890","level":"info","message":"Password comparison result","result":false,"storedHash":"$2b$10$vF4./Nne7lotA3XH/PP51eggaz4cSo/S9xmdw6oj9ryHFxPgZ4i4i"}
{"inputPassword":"rebelle1234567890","level":"info","manualHash":"$2b$10$vF4./Nne7lotA3XH/PP51even3SG9cRruQutM9s65wgoTbjG53aqS","message":"Manual hash result","storedHash":"$2b$10$vF4./Nne7lotA3XH/PP51eggaz4cSo/S9xmdw6oj9ryHFxPgZ4i4i"}
{"inputPassword":"rebelle1234567890","level":"error","manualHash":"$2b$10$vF4./Nne7lotA3XH/PP51even3SG9cRruQutM9s65wgoTbjG53aqS","message":"Hash mismatch detected. Further  estigation required.","storedHash":"$2b$10$vF4./Nne7lotA3XH/PP51eggaz4cSo/S9xmdw6oj9ryHFxPgZ4i4i"}
{"hashedPassword":"$2b$10$oBSOIJo8Y7wT9rXacw5q5.GmrmerTNLGTA/VI.LlYG6EtrgZJjRzW","level":"info","message":"Generated Salt and Hash","salt":"$2b$10$oBSOIJo8Y7wT9rXacw5q5."}
{"inputPassword":"rebelle1234567890","level":"info","message":"Password comparison result","result":false,"storedHash":"$2b$10$vF4./Nne7lotA3XH/PP51eggaz4cSo/S9xmdw6oj9ryHFxPgZ4i4i"}
{"inputPassword":"rebelle1234567890","level":"info","manualHash":"$2b$10$vF4./Nne7lotA3XH/PP51even3SG9cRruQutM9s65wgoTbjG53aqS","message":"Manual hash result","storedHash":"$2b$10$vF4./Nne7lotA3XH/PP51eggaz4cSo/S9xmdw6oj9ryHFxPgZ4i4i"}
{"inputPassword":"rebelle1234567890","level":"error","manualHash":"$2b$10$vF4./Nne7lotA3XH/PP51even3SG9cRruQutM9s65wgoTbjG53aqS","message":"Hash mismatch detected. Further  estigation required.","storedHash":"$2b$10$vF4./Nne7lotA3XH/PP51eggaz4cSo/S9xmdw6oj9ryHFxPgZ4i4i"}
{"hashedPassword":"$2b$10$uw/bafQqakD9o/bKztjxveC/7l1VEptUfKuJuULlqKkAA.K4gjR8K","level":"info","message":"Generated Salt and Hash","salt":"$2b$10$uw/bafQqakD9o/bKztjxve"}
{"inputPassword":"rebelle1234567890","level":"info","message":"Password comparison result","result":false,"storedHash":"$2b$10$vF4./Nne7lotA3XH/PP51eggaz4cSo/S9xmdw6oj9ryHFxPgZ4i4i"}
{"inputPassword":"rebelle1234567890","level":"info","manualHash":"$2b$10$vF4./Nne7lotA3XH/PP51even3SG9cRruQutM9s65wgoTbjG53aqS","message":"Manual hash result","storedHash":"$2b$10$vF4./Nne7lotA3XH/PP51eggaz4cSo/S9xmdw6oj9ryHFxPgZ4i4i"}
{"inputPassword":"rebelle1234567890","level":"error","manualHash":"$2b$10$vF4./Nne7lotA3XH/PP51even3SG9cRruQutM9s65wgoTbjG53aqS","message":"Hash mismatch detected. Further  estigation required.","storedHash":"$2b$10$vF4./Nne7lotA3XH/PP51eggaz4cSo/S9xmdw6oj9ryHFxPgZ4i4i"}
{"hashedPassword":"$2b$10$nK4HUtdlz5GR6D9b1Emi4uMDZctrywS.U4w.z.FIvB6NVrkMMBvcC","level":"info","message":"Generated Salt and Hash","salt":"$2b$10$nK4HUtdlz5GR6D9b1Emi4u"}
{"inputPassword":"rebelle1234567890","level":"info","message":"Password comparison result","result":false,"storedHash":"$2b$10$vF4./Nne7lotA3XH/PP51eggaz4cSo/S9xmdw6oj9ryHFxPgZ4i4i"}
{"inputPassword":"rebelle1234567890","level":"info","manualHash":"$2b$10$vF4./Nne7lotA3XH/PP51even3SG9cRruQutM9s65wgoTbjG53aqS","message":"Manual hash result","storedHash":"$2b$10$vF4./Nne7lotA3XH/PP51eggaz4cSo/S9xmdw6oj9ryHFxPgZ4i4i"}
{"inputPassword":"rebelle1234567890","level":"error","manualHash":"$2b$10$vF4./Nne7lotA3XH/PP51even3SG9cRruQutM9s65wgoTbjG53aqS","message":"Hash mismatch detected. Further  estigation required.","storedHash":"$2b$10$vF4./Nne7lotA3XH/PP51eggaz4cSo/S9xmdw6oj9ryHFxPgZ4i4i"}
{"hashedPassword":"$2b$10$nPatpuy4R4zssojhOko1wO8jPLhWdrpHozaU81IB7C8wtVece17UC","level":"info","message":"Generated Salt and Hash","salt":"$2b$10$nPatpuy4R4zssojhOko1wO"}
{"inputPassword":"rebelle1234567890","level":"info","message":"Password comparison result","result":false,"storedHash":"$2b$10$vF4./Nne7lotA3XH/PP51eggaz4cSo/S9xmdw6oj9ryHFxPgZ4i4i"}
{"inputPassword":"rebelle1234567890","level":"info","manualHash":"$2b$10$vF4./Nne7lotA3XH/PP51even3SG9cRruQutM9s65wgoTbjG53aqS","message":"Manual hash result","storedHash":"$2b$10$vF4./Nne7lotA3XH/PP51eggaz4cSo/S9xmdw6oj9ryHFxPgZ4i4i"}
{"inputPassword":"rebelle1234567890","level":"error","manualHash":"$2b$10$vF4./Nne7lotA3XH/PP51even3SG9cRruQutM9s65wgoTbjG53aqS","message":"Hash mismatch detected. Further  estigation required.","storedHash":"$2b$10$vF4./Nne7lotA3XH/PP51eggaz4cSo/S9xmdw6oj9ryHFxPgZ4i4i"}
{"hashedPassword":"$2b$10$ZUztaW3mPoeDdm5/8jPGVunTdeAA9oFkFowVAulU6f60Ebl2Ep3oW","level":"info","message":"Generated Salt and Hash","salt":"$2b$10$ZUztaW3mPoeDdm5/8jPGVu"}
{"inputPassword":"rebelle1234567890","level":"info","message":"Password comparison result","result":false,"storedHash":"$2b$10$vF4./Nne7lotA3XH/PP51eggaz4cSo/S9xmdw6oj9ryHFxPgZ4i4i"}
{"inputPassword":"rebelle1234567890","level":"info","manualHash":"$2b$10$vF4./Nne7lotA3XH/PP51even3SG9cRruQutM9s65wgoTbjG53aqS","message":"Manual hash result","storedHash":"$2b$10$vF4./Nne7lotA3XH/PP51eggaz4cSo/S9xmdw6oj9ryHFxPgZ4i4i"}
{"inputPassword":"rebelle1234567890","level":"error","manualHash":"$2b$10$vF4./Nne7lotA3XH/PP51even3SG9cRruQutM9s65wgoTbjG53aqS","message":"Hash mismatch detected. Further  estigation required.","storedHash":"$2b$10$vF4./Nne7lotA3XH/PP51eggaz4cSo/S9xmdw6oj9ryHFxPgZ4i4i"}
{"hashedPassword":"$2b$10$1d7PacwJb0IEP1P/Xb0KOuwSUVszL.w5hkkEm4nk3EWAsD0G7b7qW","level":"info","message":"Generated Salt and Hash","salt":"$2b$10$1d7PacwJb0IEP1P/Xb0KOu"}
{"inputPassword":"rebelle1234567890","level":"info","message":"Password comparison result","result":false,"storedHash":"$2b$10$vF4./Nne7lotA3XH/PP51eggaz4cSo/S9xmdw6oj9ryHFxPgZ4i4i"}
{"inputPassword":"rebelle1234567890","level":"info","manualHash":"$2b$10$vF4./Nne7lotA3XH/PP51even3SG9cRruQutM9s65wgoTbjG53aqS","message":"Manual hash result","storedHash":"$2b$10$vF4./Nne7lotA3XH/PP51eggaz4cSo/S9xmdw6oj9ryHFxPgZ4i4i"}
{"inputPassword":"rebelle1234567890","level":"error","manualHash":"$2b$10$vF4./Nne7lotA3XH/PP51even3SG9cRruQutM9s65wgoTbjG53aqS","message":"Hash mismatch detected. Further  estigation required.","storedHash":"$2b$10$vF4./Nne7lotA3XH/PP51eggaz4cSo/S9xmdw6oj9ryHFxPgZ4i4i"}
{"hashedPassword":"$2b$10$Zm9A.sOku5SiW3CAdnM5xuypmHJBs6M/0paG0yhCIjHYU3pM7DR7q","level":"info","message":"Generated Salt and Hash","salt":"$2b$10$Zm9A.sOku5SiW3CAdnM5xu"}
{"inputPassword":"rebelle1234567890","level":"info","message":"Password comparison result","result":false,"storedHash":"$2b$10$vF4./Nne7lotA3XH/PP51eggaz4cSo/S9xmdw6oj9ryHFxPgZ4i4i"}
{"inputPassword":"rebelle1234567890","level":"info","manualHash":"$2b$10$vF4./Nne7lotA3XH/PP51even3SG9cRruQutM9s65wgoTbjG53aqS","message":"Manual hash result","storedHash":"$2b$10$vF4./Nne7lotA3XH/PP51eggaz4cSo/S9xmdw6oj9ryHFxPgZ4i4i"}
{"inputPassword":"rebelle1234567890","level":"error","manualHash":"$2b$10$vF4./Nne7lotA3XH/PP51even3SG9cRruQutM9s65wgoTbjG53aqS","message":"Hash mismatch detected. Further  estigation required.","storedHash":"$2b$10$vF4./Nne7lotA3XH/PP51eggaz4cSo/S9xmdw6oj9ryHFxPgZ4i4i"}
{"hashedPassword":"$2b$10$t4GEnK4aseCnivFZY/dImOvCeki7kfeQ/1jn7vi47bdpwnnM3hltG","level":"info","message":"Generated Salt and Hash","salt":"$2b$10$t4GEnK4aseCnivFZY/dImO"}
{"inputPassword":"rebelle1234567890","level":"info","message":"Password comparison result","result":false,"storedHash":"$2b$10$vF4./Nne7lotA3XH/PP51eggaz4cSo/S9xmdw6oj9ryHFxPgZ4i4i"}
{"inputPassword":"rebelle1234567890","level":"info","manualHash":"$2b$10$vF4./Nne7lotA3XH/PP51even3SG9cRruQutM9s65wgoTbjG53aqS","message":"Manual hash result","storedHash":"$2b$10$vF4./Nne7lotA3XH/PP51eggaz4cSo/S9xmdw6oj9ryHFxPgZ4i4i"}
{"inputPassword":"rebelle1234567890","level":"error","manualHash":"$2b$10$vF4./Nne7lotA3XH/PP51even3SG9cRruQutM9s65wgoTbjG53aqS","message":"Hash mismatch detected. Further  estigation required.","storedHash":"$2b$10$vF4./Nne7lotA3XH/PP51eggaz4cSo/S9xmdw6oj9ryHFxPgZ4i4i"}
{"hashedPassword":"$2b$10$ZGO5NkuqvZGPAGHan4Z6yegx8oFW0AF1S.wb93Q3WwAzmqH1jOKJi","level":"info","message":"Generated Salt and Hash","salt":"$2b$10$ZGO5NkuqvZGPAGHan4Z6ye"}
{"inputPassword":"rebelle1234567890","level":"info","message":"Password comparison result","result":false,"storedHash":"$2b$10$vF4./Nne7lotA3XH/PP51eggaz4cSo/S9xmdw6oj9ryHFxPgZ4i4i"}
{"inputPassword":"rebelle1234567890","level":"info","manualHash":"$2b$10$vF4./Nne7lotA3XH/PP51even3SG9cRruQutM9s65wgoTbjG53aqS","message":"Manual hash result","storedHash":"$2b$10$vF4./Nne7lotA3XH/PP51eggaz4cSo/S9xmdw6oj9ryHFxPgZ4i4i"}
{"inputPassword":"rebelle1234567890","level":"error","manualHash":"$2b$10$vF4./Nne7lotA3XH/PP51even3SG9cRruQutM9s65wgoTbjG53aqS","message":"Hash mismatch detected. Further  estigation required.","storedHash":"$2b$10$vF4./Nne7lotA3XH/PP51eggaz4cSo/S9xmdw6oj9ryHFxPgZ4i4i"}
{"hashedPassword":"$2b$10$eqi2bmQ0pdfTqR9aYPbaFuvlkpcsJfA5TpScS1nTvW9n0zA4b1WNy","level":"info","message":"Generated Salt and Hash","salt":"$2b$10$eqi2bmQ0pdfTqR9aYPbaFu"}
{"inputPassword":"rebelle1234567890","level":"info","message":"Password comparison result","result":false,"storedHash":"$2b$10$vF4./Nne7lotA3XH/PP51eggaz4cSo/S9xmdw6oj9ryHFxPgZ4i4i"}
{"inputPassword":"rebelle1234567890","level":"info","manualHash":"$2b$10$vF4./Nne7lotA3XH/PP51even3SG9cRruQutM9s65wgoTbjG53aqS","message":"Manual hash result","storedHash":"$2b$10$vF4./Nne7lotA3XH/PP51eggaz4cSo/S9xmdw6oj9ryHFxPgZ4i4i"}
{"inputPassword":"rebelle1234567890","level":"error","manualHash":"$2b$10$vF4./Nne7lotA3XH/PP51even3SG9cRruQutM9s65wgoTbjG53aqS","message":"Hash mismatch detected. Further  estigation required.","storedHash":"$2b$10$vF4./Nne7lotA3XH/PP51eggaz4cSo/S9xmdw6oj9ryHFxPgZ4i4i"}
{"hashedPassword":"$2b$10$lznBwnrT93MnAJoopXwFSe329DPoU9lQ1kF4BjGfH7NIqxEqgQlM.","level":"info","message":"Generated Salt and Hash","salt":"$2b$10$lznBwnrT93MnAJoopXwFSe"}
{"inputPassword":"rebelle1234567890","level":"info","message":"Password comparison result","result":false,"storedHash":"$2b$10$vF4./Nne7lotA3XH/PP51eggaz4cSo/S9xmdw6oj9ryHFxPgZ4i4i"}
{"inputPassword":"rebelle1234567890","level":"info","manualHash":"$2b$10$vF4./Nne7lotA3XH/PP51even3SG9cRruQutM9s65wgoTbjG53aqS","message":"Manual hash result","storedHash":"$2b$10$vF4./Nne7lotA3XH/PP51eggaz4cSo/S9xmdw6oj9ryHFxPgZ4i4i"}
{"inputPassword":"rebelle1234567890","level":"error","manualHash":"$2b$10$vF4./Nne7lotA3XH/PP51even3SG9cRruQutM9s65wgoTbjG53aqS","message":"Hash mismatch detected. Further  estigation required.","storedHash":"$2b$10$vF4./Nne7lotA3XH/PP51eggaz4cSo/S9xmdw6oj9ryHFxPgZ4i4i"}
{"hashedPassword":"$2b$10$FqASY83bi1T0hHOV6c64FOM0HKWg6m.Bd7hVORHNlxRQA02XEqo7G","level":"info","message":"Generated Salt and Hash","salt":"$2b$10$FqASY83bi1T0hHOV6c64FO"}
{"inputPassword":"rebelle1234567890","level":"info","message":"Password comparison result","result":false,"storedHash":"$2b$10$vF4./Nne7lotA3XH/PP51eggaz4cSo/S9xmdw6oj9ryHFxPgZ4i4i"}
{"inputPassword":"rebelle1234567890","level":"info","manualHash":"$2b$10$vF4./Nne7lotA3XH/PP51even3SG9cRruQutM9s65wgoTbjG53aqS","message":"Manual hash result","storedHash":"$2b$10$vF4./Nne7lotA3XH/PP51eggaz4cSo/S9xmdw6oj9ryHFxPgZ4i4i"}
{"inputPassword":"rebelle1234567890","level":"error","manualHash":"$2b$10$vF4./Nne7lotA3XH/PP51even3SG9cRruQutM9s65wgoTbjG53aqS","message":"Hash mismatch detected. Further  estigation required.","storedHash":"$2b$10$vF4./Nne7lotA3XH/PP51eggaz4cSo/S9xmdw6oj9ryHFxPgZ4i4i"}
{"email":"rebelles@gmail.com","level":"info","message":"Generated Salt","salt":"$2b$10$HTzSxw2VBqKZ.KrSMsHs9."}
{"email":"rebelles@gmail.com","hashedPassword":"$2b$10$HTzSxw2VBqKZ.KrSMsHs9..b3xttdVYCbALP.lQo6yRpRoRhiz.Me","level":"info","message":"Hashed Password before save"}
{"hashedPassword":"$2b$10$Hh1.1ESR6/AtQvW2LxoOOORPd72Qa5PchnN6XFeXX4llEqhoihZWy","level":"info","message":"Generated Salt and Hash","salt":"$2b$10$Hh1.1ESR6/AtQvW2LxoOOO"}
{"inputPassword":"rebelle1234567890","level":"info","message":"Password comparison result","result":false,"storedHash":"$2b$10$vF4./Nne7lotA3XH/PP51eggaz4cSo/S9xmdw6oj9ryHFxPgZ4i4i"}
{"inputPassword":"rebelle1234567890","level":"info","manualHash":"$2b$10$vF4./Nne7lotA3XH/PP51even3SG9cRruQutM9s65wgoTbjG53aqS","message":"Manual hash result","storedHash":"$2b$10$vF4./Nne7lotA3XH/PP51eggaz4cSo/S9xmdw6oj9ryHFxPgZ4i4i"}
{"inputPassword":"rebelle1234567890","level":"error","manualHash":"$2b$10$vF4./Nne7lotA3XH/PP51even3SG9cRruQutM9s65wgoTbjG53aqS","message":"Hash mismatch detected. Further  estigation required.","storedHash":"$2b$10$vF4./Nne7lotA3XH/PP51eggaz4cSo/S9xmdw6oj9ryHFxPgZ4i4i"}
{"hashedPassword":"$2b$10$9tM3SI6ByaO9lEmllJSgXuMbB3GzuvOEfUDmerrDn1n2re7renF2S","level":"info","message":"Generated Salt and Hash","salt":"$2b$10$9tM3SI6ByaO9lEmllJSgXu"}
{"inputPassword":"rebelle1234567890","level":"info","message":"Password comparison result","result":false,"storedHash":"$2b$10$vF4./Nne7lotA3XH/PP51eggaz4cSo/S9xmdw6oj9ryHFxPgZ4i4i"}
{"inputPassword":"rebelle1234567890","level":"info","manualHash":"$2b$10$vF4./Nne7lotA3XH/PP51even3SG9cRruQutM9s65wgoTbjG53aqS","message":"Manual hash result","storedHash":"$2b$10$vF4./Nne7lotA3XH/PP51eggaz4cSo/S9xmdw6oj9ryHFxPgZ4i4i"}
{"inputPassword":"rebelle1234567890","level":"error","manualHash":"$2b$10$vF4./Nne7lotA3XH/PP51even3SG9cRruQutM9s65wgoTbjG53aqS","message":"Hash mismatch detected. Further  estigation required.","storedHash":"$2b$10$vF4./Nne7lotA3XH/PP51eggaz4cSo/S9xmdw6oj9ryHFxPgZ4i4i"}
{"hashedPassword":"$2b$10$UezC1EbfRjCCu.lc8Rwy5uky4FBfkq3fr5hiaq6mE1UP4J0GO/Vv2","level":"info","message":"Generated Salt and Hash","salt":"$2b$10$UezC1EbfRjCCu.lc8Rwy5u"}
{"inputPassword":"rebelle1234567890","level":"info","message":"Password comparison result","result":false,"storedHash":"$2b$10$vF4./Nne7lotA3XH/PP51eggaz4cSo/S9xmdw6oj9ryHFxPgZ4i4i"}
{"inputPassword":"rebelle1234567890","level":"info","manualHash":"$2b$10$vF4./Nne7lotA3XH/PP51even3SG9cRruQutM9s65wgoTbjG53aqS","message":"Manual hash result","storedHash":"$2b$10$vF4./Nne7lotA3XH/PP51eggaz4cSo/S9xmdw6oj9ryHFxPgZ4i4i"}
{"inputPassword":"rebelle1234567890","level":"error","manualHash":"$2b$10$vF4./Nne7lotA3XH/PP51even3SG9cRruQutM9s65wgoTbjG53aqS","message":"Hash mismatch detected. Further  estigation required.","storedHash":"$2b$10$vF4./Nne7lotA3XH/PP51eggaz4cSo/S9xmdw6oj9ryHFxPgZ4i4i"}
{"hashedPassword":"$2b$10$0SZpS1uduszeoNxBkNDKm.AQDouLm3CFOYPMiOySy5Detap7D9eb2","level":"info","message":"Generated Salt and Hash","salt":"$2b$10$0SZpS1uduszeoNxBkNDKm."}
{"inputPassword":"rebelle1234567890","level":"info","message":"Password comparison result","result":false,"storedHash":"$2b$10$vF4./Nne7lotA3XH/PP51eggaz4cSo/S9xmdw6oj9ryHFxPgZ4i4i"}
{"inputPassword":"rebelle1234567890","level":"info","manualHash":"$2b$10$vF4./Nne7lotA3XH/PP51even3SG9cRruQutM9s65wgoTbjG53aqS","message":"Manual hash result","storedHash":"$2b$10$vF4./Nne7lotA3XH/PP51eggaz4cSo/S9xmdw6oj9ryHFxPgZ4i4i"}
{"inputPassword":"rebelle1234567890","level":"error","manualHash":"$2b$10$vF4./Nne7lotA3XH/PP51even3SG9cRruQutM9s65wgoTbjG53aqS","message":"Hash mismatch detected. Further  estigation required.","storedHash":"$2b$10$vF4./Nne7lotA3XH/PP51eggaz4cSo/S9xmdw6oj9ryHFxPgZ4i4i"}
{"hashedPassword":"$2b$10$1OM0Dr6c9QDQF1pGJMbGiea4nzlnHMuWgD2ELQjrrqRIXtU9Z8nYi","level":"info","message":"Generated Salt and Hash","salt":"$2b$10$1OM0Dr6c9QDQF1pGJMbGie"}
{"inputPassword":"rebelle1234567890","level":"info","message":"Password comparison result","result":false,"storedHash":"$2b$10$vF4./Nne7lotA3XH/PP51eggaz4cSo/S9xmdw6oj9ryHFxPgZ4i4i"}
{"inputPassword":"rebelle1234567890","level":"info","manualHash":"$2b$10$vF4./Nne7lotA3XH/PP51even3SG9cRruQutM9s65wgoTbjG53aqS","message":"Manual hash result","storedHash":"$2b$10$vF4./Nne7lotA3XH/PP51eggaz4cSo/S9xmdw6oj9ryHFxPgZ4i4i"}
{"inputPassword":"rebelle1234567890","level":"error","manualHash":"$2b$10$vF4./Nne7lotA3XH/PP51even3SG9cRruQutM9s65wgoTbjG53aqS","message":"Hash mismatch detected. Further  estigation required.","storedHash":"$2b$10$vF4./Nne7lotA3XH/PP51eggaz4cSo/S9xmdw6oj9ryHFxPgZ4i4i"}
{"hashedPassword":"$2b$10$V9Pe9/wGBCN2P7HQq0lJLOVd5DzU6Q4hgICbPbphD6UELrcNtjzj.","level":"info","message":"Generated Salt and Hash","salt":"$2b$10$V9Pe9/wGBCN2P7HQq0lJLO"}
{"inputPassword":"rebelle1234567890","level":"info","message":"Password comparison result","result":false,"storedHash":"$2b$10$vF4./Nne7lotA3XH/PP51eggaz4cSo/S9xmdw6oj9ryHFxPgZ4i4i"}
{"inputPassword":"rebelle1234567890","level":"info","manualHash":"$2b$10$vF4./Nne7lotA3XH/PP51even3SG9cRruQutM9s65wgoTbjG53aqS","message":"Manual hash result","storedHash":"$2b$10$vF4./Nne7lotA3XH/PP51eggaz4cSo/S9xmdw6oj9ryHFxPgZ4i4i"}
{"inputPassword":"rebelle1234567890","level":"error","manualHash":"$2b$10$vF4./Nne7lotA3XH/PP51even3SG9cRruQutM9s65wgoTbjG53aqS","message":"Hash mismatch detected. Further  estigation required.","storedHash":"$2b$10$vF4./Nne7lotA3XH/PP51eggaz4cSo/S9xmdw6oj9ryHFxPgZ4i4i"}
{"hashedPassword":"$2b$10$jGOSLTk0mahoBu22aEkV1eRIDFiPAA6QgRtDmPD.gv60vXy9ugY6q","level":"info","message":"Generated Salt and Hash","salt":"$2b$10$jGOSLTk0mahoBu22aEkV1e"}
{"inputPassword":"rebelle1234567890","level":"info","message":"Password comparison result","result":false,"storedHash":"$2b$10$vF4./Nne7lotA3XH/PP51eggaz4cSo/S9xmdw6oj9ryHFxPgZ4i4i"}
{"inputPassword":"rebelle1234567890","level":"info","manualHash":"$2b$10$vF4./Nne7lotA3XH/PP51even3SG9cRruQutM9s65wgoTbjG53aqS","message":"Manual hash result","storedHash":"$2b$10$vF4./Nne7lotA3XH/PP51eggaz4cSo/S9xmdw6oj9ryHFxPgZ4i4i"}
{"inputPassword":"rebelle1234567890","level":"error","manualHash":"$2b$10$vF4./Nne7lotA3XH/PP51even3SG9cRruQutM9s65wgoTbjG53aqS","message":"Hash mismatch detected. Further  estigation required.","storedHash":"$2b$10$vF4./Nne7lotA3XH/PP51eggaz4cSo/S9xmdw6oj9ryHFxPgZ4i4i"}
{"hashedPassword":"$2b$10$yNaKrmMe5P6UvhDWb99yUuks6fVwh..GJ.Lb9/LtXtbfXRxXfLQ9G","level":"info","message":"Generated Salt and Hash","salt":"$2b$10$yNaKrmMe5P6UvhDWb99yUu"}
{"inputPassword":"rebelle1234567890","level":"info","message":"Password comparison result","result":false,"storedHash":"$2b$10$vF4./Nne7lotA3XH/PP51eggaz4cSo/S9xmdw6oj9ryHFxPgZ4i4i"}
{"inputPassword":"rebelle1234567890","level":"info","manualHash":"$2b$10$vF4./Nne7lotA3XH/PP51even3SG9cRruQutM9s65wgoTbjG53aqS","message":"Manual hash result","storedHash":"$2b$10$vF4./Nne7lotA3XH/PP51eggaz4cSo/S9xmdw6oj9ryHFxPgZ4i4i"}
{"inputPassword":"rebelle1234567890","level":"error","manualHash":"$2b$10$vF4./Nne7lotA3XH/PP51even3SG9cRruQutM9s65wgoTbjG53aqS","message":"Hash mismatch detected. Further  estigation required.","storedHash":"$2b$10$vF4./Nne7lotA3XH/PP51eggaz4cSo/S9xmdw6oj9ryHFxPgZ4i4i"}
{"hashedPassword":"$2b$10$MYA5CAPtvJNFB.fOiZjxPu6yqFC9SutkG06rjMtTryLP0/nVUlV0a","level":"info","message":"Generated Salt and Hash","salt":"$2b$10$MYA5CAPtvJNFB.fOiZjxPu"}
{"inputPassword":"rebelle1234567890","level":"info","message":"Password comparison result","result":false,"storedHash":"$2b$10$vF4./Nne7lotA3XH/PP51eggaz4cSo/S9xmdw6oj9ryHFxPgZ4i4i"}
{"inputPassword":"rebelle1234567890","level":"info","manualHash":"$2b$10$vF4./Nne7lotA3XH/PP51even3SG9cRruQutM9s65wgoTbjG53aqS","message":"Manual hash result","storedHash":"$2b$10$vF4./Nne7lotA3XH/PP51eggaz4cSo/S9xmdw6oj9ryHFxPgZ4i4i"}
{"inputPassword":"rebelle1234567890","level":"error","manualHash":"$2b$10$vF4./Nne7lotA3XH/PP51even3SG9cRruQutM9s65wgoTbjG53aqS","message":"Hash mismatch detected. Further  estigation required.","storedHash":"$2b$10$vF4./Nne7lotA3XH/PP51eggaz4cSo/S9xmdw6oj9ryHFxPgZ4i4i"}
{"hashedPassword":"$2b$10$6FImNKJDsBOtCWxkLciEbuIeV9G3aqze07KgpmKUCTHqbimZcxeCS","level":"info","message":"Generated Salt and Hash","salt":"$2b$10$6FImNKJDsBOtCWxkLciEbu"}
{"inputPassword":"rebelle1234567890","level":"info","message":"Password comparison result","result":false,"storedHash":"$2b$10$vF4./Nne7lotA3XH/PP51eggaz4cSo/S9xmdw6oj9ryHFxPgZ4i4i"}
{"inputPassword":"rebelle1234567890","level":"info","manualHash":"$2b$10$vF4./Nne7lotA3XH/PP51even3SG9cRruQutM9s65wgoTbjG53aqS","message":"Manual hash result","storedHash":"$2b$10$vF4./Nne7lotA3XH/PP51eggaz4cSo/S9xmdw6oj9ryHFxPgZ4i4i"}
{"inputPassword":"rebelle1234567890","level":"error","manualHash":"$2b$10$vF4./Nne7lotA3XH/PP51even3SG9cRruQutM9s65wgoTbjG53aqS","message":"Hash mismatch detected. Further  estigation required.","storedHash":"$2b$10$vF4./Nne7lotA3XH/PP51eggaz4cSo/S9xmdw6oj9ryHFxPgZ4i4i"}
{"hashedPassword":"$2b$10$jbXzaFmHYddw4g1.Q1RbF.eCaJVD8AgmKn2prFYNSZaUNFo8X3DWy","level":"info","message":"Generated Salt and Hash","salt":"$2b$10$jbXzaFmHYddw4g1.Q1RbF."}
{"inputPassword":"rebelle1234567890","level":"info","message":"Password comparison result","result":false,"storedHash":"$2b$10$vF4./Nne7lotA3XH/PP51eggaz4cSo/S9xmdw6oj9ryHFxPgZ4i4i"}
{"inputPassword":"rebelle1234567890","level":"info","manualHash":"$2b$10$vF4./Nne7lotA3XH/PP51even3SG9cRruQutM9s65wgoTbjG53aqS","message":"Manual hash result","storedHash":"$2b$10$vF4./Nne7lotA3XH/PP51eggaz4cSo/S9xmdw6oj9ryHFxPgZ4i4i"}
{"inputPassword":"rebelle1234567890","level":"error","manualHash":"$2b$10$vF4./Nne7lotA3XH/PP51even3SG9cRruQutM9s65wgoTbjG53aqS","message":"Hash mismatch detected. Further  estigation required.","storedHash":"$2b$10$vF4./Nne7lotA3XH/PP51eggaz4cSo/S9xmdw6oj9ryHFxPgZ4i4i"}
{"hashedPassword":"$2b$10$dymys4DFnkpWB.v5kKSuiOZmh7KwAwFfPCGeLByIirQnU6dshXrQy","level":"info","message":"Generated Salt and Hash","salt":"$2b$10$dymys4DFnkpWB.v5kKSuiO"}
{"inputPassword":"rebelle1234567890","level":"info","message":"Password comparison result","result":false,"storedHash":"$2b$10$vF4./Nne7lotA3XH/PP51eggaz4cSo/S9xmdw6oj9ryHFxPgZ4i4i"}
{"inputPassword":"rebelle1234567890","level":"info","manualHash":"$2b$10$vF4./Nne7lotA3XH/PP51even3SG9cRruQutM9s65wgoTbjG53aqS","message":"Manual hash result","storedHash":"$2b$10$vF4./Nne7lotA3XH/PP51eggaz4cSo/S9xmdw6oj9ryHFxPgZ4i4i"}
{"inputPassword":"rebelle1234567890","level":"error","manualHash":"$2b$10$vF4./Nne7lotA3XH/PP51even3SG9cRruQutM9s65wgoTbjG53aqS","message":"Hash mismatch detected. Further  estigation required.","storedHash":"$2b$10$vF4./Nne7lotA3XH/PP51eggaz4cSo/S9xmdw6oj9ryHFxPgZ4i4i"}
{"hashedPassword":"$2b$10$8hcops3mYlgaZC2N.oKcd.mGQuoiV7JwRNwIKwH78rCHuuDAV.Z.S","level":"info","message":"Generated Salt and Hash","salt":"$2b$10$8hcops3mYlgaZC2N.oKcd."}
{"inputPassword":"rebelle1234567890","level":"info","message":"Password comparison result","result":false,"storedHash":"$2b$10$vF4./Nne7lotA3XH/PP51eggaz4cSo/S9xmdw6oj9ryHFxPgZ4i4i"}
{"inputPassword":"rebelle1234567890","level":"info","manualHash":"$2b$10$vF4./Nne7lotA3XH/PP51even3SG9cRruQutM9s65wgoTbjG53aqS","message":"Manual hash result","storedHash":"$2b$10$vF4./Nne7lotA3XH/PP51eggaz4cSo/S9xmdw6oj9ryHFxPgZ4i4i"}
{"inputPassword":"rebelle1234567890","level":"error","manualHash":"$2b$10$vF4./Nne7lotA3XH/PP51even3SG9cRruQutM9s65wgoTbjG53aqS","message":"Hash mismatch detected. Further  estigation required.","storedHash":"$2b$10$vF4./Nne7lotA3XH/PP51eggaz4cSo/S9xmdw6oj9ryHFxPgZ4i4i"}
{"hashedPassword":"$2b$10$kgVm5F1dNs5pgv24CvVzOOf0kyFuV.GkwGa6uK92hBzfp07s/YLTS","level":"info","message":"Generated Salt and Hash","salt":"$2b$10$kgVm5F1dNs5pgv24CvVzOO"}
{"inputPassword":"rebelle1234567890","level":"info","message":"Password comparison result","result":false,"storedHash":"$2b$10$vF4./Nne7lotA3XH/PP51eggaz4cSo/S9xmdw6oj9ryHFxPgZ4i4i"}
{"inputPassword":"rebelle1234567890","level":"info","manualHash":"$2b$10$vF4./Nne7lotA3XH/PP51even3SG9cRruQutM9s65wgoTbjG53aqS","message":"Manual hash result","storedHash":"$2b$10$vF4./Nne7lotA3XH/PP51eggaz4cSo/S9xmdw6oj9ryHFxPgZ4i4i"}
{"inputPassword":"rebelle1234567890","level":"error","manualHash":"$2b$10$vF4./Nne7lotA3XH/PP51even3SG9cRruQutM9s65wgoTbjG53aqS","message":"Hash mismatch detected. Further  estigation required.","storedHash":"$2b$10$vF4./Nne7lotA3XH/PP51eggaz4cSo/S9xmdw6oj9ryHFxPgZ4i4i"}
{"hashedPassword":"$2b$10$mTrxqCPG4oDTkzzCDKj7qul6eUJXa6cHecDH.FmE5Pq2zhHCF5ncS","level":"info","message":"Generated Salt and Hash","salt":"$2b$10$mTrxqCPG4oDTkzzCDKj7qu"}
{"inputPassword":"rebelle1234567890","level":"info","message":"Password comparison result","result":false,"storedHash":"$2b$10$vF4./Nne7lotA3XH/PP51eggaz4cSo/S9xmdw6oj9ryHFxPgZ4i4i"}
{"inputPassword":"rebelle1234567890","level":"info","manualHash":"$2b$10$vF4./Nne7lotA3XH/PP51even3SG9cRruQutM9s65wgoTbjG53aqS","message":"Manual hash result","storedHash":"$2b$10$vF4./Nne7lotA3XH/PP51eggaz4cSo/S9xmdw6oj9ryHFxPgZ4i4i"}
{"inputPassword":"rebelle1234567890","level":"error","manualHash":"$2b$10$vF4./Nne7lotA3XH/PP51even3SG9cRruQutM9s65wgoTbjG53aqS","message":"Hash mismatch detected. Further  estigation required.","storedHash":"$2b$10$vF4./Nne7lotA3XH/PP51eggaz4cSo/S9xmdw6oj9ryHFxPgZ4i4i"}
{"hashedPassword":"$2b$10$FGRN1MYVAnVPWHB10YgzB.NO6gaRmJQSi7.1WeyoKze5F4UXTuj.y","level":"info","message":"Generated Salt and Hash","salt":"$2b$10$FGRN1MYVAnVPWHB10YgzB."}
{"inputPassword":"rebelle1234567890","level":"info","message":"Password comparison result","result":false,"storedHash":"$2b$10$vF4./Nne7lotA3XH/PP51eggaz4cSo/S9xmdw6oj9ryHFxPgZ4i4i"}
{"inputPassword":"rebelle1234567890","level":"info","manualHash":"$2b$10$vF4./Nne7lotA3XH/PP51even3SG9cRruQutM9s65wgoTbjG53aqS","message":"Manual hash result","storedHash":"$2b$10$vF4./Nne7lotA3XH/PP51eggaz4cSo/S9xmdw6oj9ryHFxPgZ4i4i"}
{"inputPassword":"rebelle1234567890","level":"error","manualHash":"$2b$10$vF4./Nne7lotA3XH/PP51even3SG9cRruQutM9s65wgoTbjG53aqS","message":"Hash mismatch detected. Further  estigation required.","storedHash":"$2b$10$vF4./Nne7lotA3XH/PP51eggaz4cSo/S9xmdw6oj9ryHFxPgZ4i4i"}
{"hashedPassword":"$2b$10$Rxe6AEYDnRTCskOIpYKsRO6hTV.u/k2TujGxa0q2B5l0wAEp3UtTC","level":"info","message":"Generated Salt and Hash","salt":"$2b$10$Rxe6AEYDnRTCskOIpYKsRO"}
{"inputPassword":"rebelle1234567890","level":"info","message":"Password comparison result","result":false,"storedHash":"$2b$10$vF4./Nne7lotA3XH/PP51eggaz4cSo/S9xmdw6oj9ryHFxPgZ4i4i"}
{"inputPassword":"rebelle1234567890","level":"info","manualHash":"$2b$10$vF4./Nne7lotA3XH/PP51even3SG9cRruQutM9s65wgoTbjG53aqS","message":"Manual hash result","storedHash":"$2b$10$vF4./Nne7lotA3XH/PP51eggaz4cSo/S9xmdw6oj9ryHFxPgZ4i4i"}
{"inputPassword":"rebelle1234567890","level":"error","manualHash":"$2b$10$vF4./Nne7lotA3XH/PP51even3SG9cRruQutM9s65wgoTbjG53aqS","message":"Hash mismatch detected. Further  estigation required.","storedHash":"$2b$10$vF4./Nne7lotA3XH/PP51eggaz4cSo/S9xmdw6oj9ryHFxPgZ4i4i"}
{"hashedPassword":"$2b$10$NPyOdoksHBUZvo.t7TlIle6ZPGS.mCc/8I9/s9XnYaXQBXD8cBOzS","level":"info","message":"Generated Salt and Hash","salt":"$2b$10$NPyOdoksHBUZvo.t7TlIle"}
{"inputPassword":"rebelle1234567890","level":"info","message":"Password comparison result","result":false,"storedHash":"$2b$10$vF4./Nne7lotA3XH/PP51eggaz4cSo/S9xmdw6oj9ryHFxPgZ4i4i"}
{"inputPassword":"rebelle1234567890","level":"info","manualHash":"$2b$10$vF4./Nne7lotA3XH/PP51even3SG9cRruQutM9s65wgoTbjG53aqS","message":"Manual hash result","storedHash":"$2b$10$vF4./Nne7lotA3XH/PP51eggaz4cSo/S9xmdw6oj9ryHFxPgZ4i4i"}
{"inputPassword":"rebelle1234567890","level":"error","manualHash":"$2b$10$vF4./Nne7lotA3XH/PP51even3SG9cRruQutM9s65wgoTbjG53aqS","message":"Hash mismatch detected. Further  estigation required.","storedHash":"$2b$10$vF4./Nne7lotA3XH/PP51eggaz4cSo/S9xmdw6oj9ryHFxPgZ4i4i"}
{"hashedPassword":"$2b$10$42s6wR9aaoFx5Luq5abK7Oo7gkSLD/4cMzJnmLKr80LtPep0dAWT2","level":"info","message":"Generated Salt and Hash","salt":"$2b$10$42s6wR9aaoFx5Luq5abK7O"}
{"inputPassword":"rebelle1234567890","level":"info","message":"Password comparison result","result":false,"storedHash":"$2b$10$vF4./Nne7lotA3XH/PP51eggaz4cSo/S9xmdw6oj9ryHFxPgZ4i4i"}
{"inputPassword":"rebelle1234567890","level":"info","manualHash":"$2b$10$vF4./Nne7lotA3XH/PP51even3SG9cRruQutM9s65wgoTbjG53aqS","message":"Manual hash result","storedHash":"$2b$10$vF4./Nne7lotA3XH/PP51eggaz4cSo/S9xmdw6oj9ryHFxPgZ4i4i"}
{"inputPassword":"rebelle1234567890","level":"error","manualHash":"$2b$10$vF4./Nne7lotA3XH/PP51even3SG9cRruQutM9s65wgoTbjG53aqS","message":"Hash mismatch detected. Further  estigation required.","storedHash":"$2b$10$vF4./Nne7lotA3XH/PP51eggaz4cSo/S9xmdw6oj9ryHFxPgZ4i4i"}
{"hashedPassword":"$2b$10$8yqnj0McA3FAoetFpe4jZOYtMjT.Yhi.GTYPEUHkb8KOmUzFWUwi2","level":"info","message":"Generated Salt and Hash","salt":"$2b$10$8yqnj0McA3FAoetFpe4jZO"}
{"inputPassword":"rebelle1234567890","level":"info","message":"Password comparison result","result":false,"storedHash":"$2b$10$vF4./Nne7lotA3XH/PP51eggaz4cSo/S9xmdw6oj9ryHFxPgZ4i4i"}
{"inputPassword":"rebelle1234567890","level":"info","manualHash":"$2b$10$vF4./Nne7lotA3XH/PP51even3SG9cRruQutM9s65wgoTbjG53aqS","message":"Manual hash result","storedHash":"$2b$10$vF4./Nne7lotA3XH/PP51eggaz4cSo/S9xmdw6oj9ryHFxPgZ4i4i"}
{"inputPassword":"rebelle1234567890","level":"error","manualHash":"$2b$10$vF4./Nne7lotA3XH/PP51even3SG9cRruQutM9s65wgoTbjG53aqS","message":"Hash mismatch detected. Further  estigation required.","storedHash":"$2b$10$vF4./Nne7lotA3XH/PP51eggaz4cSo/S9xmdw6oj9ryHFxPgZ4i4i"}
{"email":"rebellese@gmail.com","level":"error","message":"Password validation failed"}
{"email":"rebellese@gmail.com","level":"error","message":"Password validation failed"}
{"hashedPassword":"$2b$10$UtQZtwDW2jrr8Bi6qW2T5.UxEBFot7bTa1scNwFVqB108GPc2ZIji","level":"info","message":"Generated Salt and Hash","salt":"$2b$10$UtQZtwDW2jrr8Bi6qW2T5."}
{"inputPassword":"rebelle1234567890","level":"info","message":"Password comparison result","result":false,"storedHash":"$2b$10$vF4./Nne7lotA3XH/PP51eggaz4cSo/S9xmdw6oj9ryHFxPgZ4i4i"}
{"inputPassword":"rebelle1234567890","level":"info","manualHash":"$2b$10$vF4./Nne7lotA3XH/PP51even3SG9cRruQutM9s65wgoTbjG53aqS","message":"Manual hash result","storedHash":"$2b$10$vF4./Nne7lotA3XH/PP51eggaz4cSo/S9xmdw6oj9ryHFxPgZ4i4i"}
{"inputPassword":"rebelle1234567890","level":"error","manualHash":"$2b$10$vF4./Nne7lotA3XH/PP51even3SG9cRruQutM9s65wgoTbjG53aqS","message":"Hash mismatch detected. Further  estigation required.","storedHash":"$2b$10$vF4./Nne7lotA3XH/PP51eggaz4cSo/S9xmdw6oj9ryHFxPgZ4i4i"}
{"email":"rebelle@gmail.com","level":"error","message":"Password validation failed"}
{"email":"rebelle@gmail.com","level":"error","message":"Password validation failed"}
{"email":"rebelle@gmail.com","level":"info","message":"Generated Salt","salt":"$2b$10$pbCljcpAlgBce48TmVl.W."}
{"email":"rebelle@gmail.com","hashedPassword":"$2b$10$pbCljcpAlgBce48TmVl.W.aBrnME6chwF/RG6h3NercpvR6lQ56/O","level":"info","message":"Hashed Password before save"}
{"hashedPassword":"$2b$10$tdct.IyaZ2NjOayHpQPDu.PVKfxwGGdw2H3PymWtg6S5GQeutN..2","level":"info","message":"Generated Salt and Hash","salt":"$2b$10$tdct.IyaZ2NjOayHpQPDu."}
{"inputPassword":"rebelle1234567890","level":"info","message":"Password comparison result","result":false,"storedHash":"$2b$10$vF4./Nne7lotA3XH/PP51eggaz4cSo/S9xmdw6oj9ryHFxPgZ4i4i"}
{"inputPassword":"rebelle1234567890","level":"info","manualHash":"$2b$10$vF4./Nne7lotA3XH/PP51even3SG9cRruQutM9s65wgoTbjG53aqS","message":"Manual hash result","storedHash":"$2b$10$vF4./Nne7lotA3XH/PP51eggaz4cSo/S9xmdw6oj9ryHFxPgZ4i4i"}
{"inputPassword":"rebelle1234567890","level":"error","manualHash":"$2b$10$vF4./Nne7lotA3XH/PP51even3SG9cRruQutM9s65wgoTbjG53aqS","message":"Hash mismatch detected. Further  estigation required.","storedHash":"$2b$10$vF4./Nne7lotA3XH/PP51eggaz4cSo/S9xmdw6oj9ryHFxPgZ4i4i"}
{"hashedPassword":"$2b$10$4aj0WJy0XQD7p98c3Ecj6.9lNvjGGXC3Y0DUQB7Xf2wd.o4c/H3ke","level":"info","message":"Generated Salt and Hash","salt":"$2b$10$4aj0WJy0XQD7p98c3Ecj6."}
{"inputPassword":"rebelle1234567890","level":"info","message":"Password comparison result","result":false,"storedHash":"$2b$10$vF4./Nne7lotA3XH/PP51eggaz4cSo/S9xmdw6oj9ryHFxPgZ4i4i"}
{"inputPassword":"rebelle1234567890","level":"info","manualHash":"$2b$10$vF4./Nne7lotA3XH/PP51even3SG9cRruQutM9s65wgoTbjG53aqS","message":"Manual hash result","storedHash":"$2b$10$vF4./Nne7lotA3XH/PP51eggaz4cSo/S9xmdw6oj9ryHFxPgZ4i4i"}
{"inputPassword":"rebelle1234567890","level":"error","manualHash":"$2b$10$vF4./Nne7lotA3XH/PP51even3SG9cRruQutM9s65wgoTbjG53aqS","message":"Hash mismatch detected. Further  estigation required.","storedHash":"$2b$10$vF4./Nne7lotA3XH/PP51eggaz4cSo/S9xmdw6oj9ryHFxPgZ4i4i"}
{"hashedPassword":"$2b$10$27xBMb/uRLyAWIqzFv0Aje7bQrHyjvJPeUR36JVmwTjwQcDFUsQG6","level":"info","message":"Generated Salt and Hash","salt":"$2b$10$27xBMb/uRLyAWIqzFv0Aje"}
{"inputPassword":"rebelle1234567890","level":"info","message":"Password comparison result","result":false,"storedHash":"$2b$10$vF4./Nne7lotA3XH/PP51eggaz4cSo/S9xmdw6oj9ryHFxPgZ4i4i"}
{"inputPassword":"rebelle1234567890","level":"info","manualHash":"$2b$10$vF4./Nne7lotA3XH/PP51even3SG9cRruQutM9s65wgoTbjG53aqS","message":"Manual hash result","storedHash":"$2b$10$vF4./Nne7lotA3XH/PP51eggaz4cSo/S9xmdw6oj9ryHFxPgZ4i4i"}
{"inputPassword":"rebelle1234567890","level":"error","manualHash":"$2b$10$vF4./Nne7lotA3XH/PP51even3SG9cRruQutM9s65wgoTbjG53aqS","message":"Hash mismatch detected. Further  estigation required.","storedHash":"$2b$10$vF4./Nne7lotA3XH/PP51eggaz4cSo/S9xmdw6oj9ryHFxPgZ4i4i"}
{"hashedPassword":"$2b$10$rxjQq2XhzyC3Mrqh8V9a3.bipWrEwgTqbJW7U3nUl/SWCmnj1Ich.","level":"info","message":"Generated Salt and Hash","salt":"$2b$10$rxjQq2XhzyC3Mrqh8V9a3."}
{"inputPassword":"rebelle1234567890","level":"info","message":"Password comparison result","result":false,"storedHash":"$2b$10$vF4./Nne7lotA3XH/PP51eggaz4cSo/S9xmdw6oj9ryHFxPgZ4i4i"}
{"inputPassword":"rebelle1234567890","level":"info","manualHash":"$2b$10$vF4./Nne7lotA3XH/PP51even3SG9cRruQutM9s65wgoTbjG53aqS","message":"Manual hash result","storedHash":"$2b$10$vF4./Nne7lotA3XH/PP51eggaz4cSo/S9xmdw6oj9ryHFxPgZ4i4i"}
{"inputPassword":"rebelle1234567890","level":"error","manualHash":"$2b$10$vF4./Nne7lotA3XH/PP51even3SG9cRruQutM9s65wgoTbjG53aqS","message":"Hash mismatch detected. Further  estigation required.","storedHash":"$2b$10$vF4./Nne7lotA3XH/PP51eggaz4cSo/S9xmdw6oj9ryHFxPgZ4i4i"}
{"hashedPassword":"$2b$10$4aWI7PZTjM1aGImL71edV.vNJwYGAbzlfUajK5zlOm2Yxdt5WhQrm","level":"info","message":"Generated Salt and Hash","salt":"$2b$10$4aWI7PZTjM1aGImL71edV."}
{"inputPassword":"rebelle1234567890","level":"info","message":"Password comparison result","result":false,"storedHash":"$2b$10$vF4./Nne7lotA3XH/PP51eggaz4cSo/S9xmdw6oj9ryHFxPgZ4i4i"}
{"inputPassword":"rebelle1234567890","level":"info","manualHash":"$2b$10$vF4./Nne7lotA3XH/PP51even3SG9cRruQutM9s65wgoTbjG53aqS","message":"Manual hash result","storedHash":"$2b$10$vF4./Nne7lotA3XH/PP51eggaz4cSo/S9xmdw6oj9ryHFxPgZ4i4i"}
{"inputPassword":"rebelle1234567890","level":"error","manualHash":"$2b$10$vF4./Nne7lotA3XH/PP51even3SG9cRruQutM9s65wgoTbjG53aqS","message":"Hash mismatch detected. Further  estigation required.","storedHash":"$2b$10$vF4./Nne7lotA3XH/PP51eggaz4cSo/S9xmdw6oj9ryHFxPgZ4i4i"}
{"email":"belle@gmail.com","level":"info","message":"Generated Salt","salt":"$2b$10$Yf.8Vq.Nt52Vs8Q/IFJI5O"}
{"email":"belle@gmail.com","hashedPassword":"$2b$10$Yf.8Vq.Nt52Vs8Q/IFJI5OLjNwREbMj1wWdb/pRTyrja/U1yeN9c2","level":"info","message":"Hashed Password before save"}
{"hashedPassword":"$2b$10$lHP8hPbIsJ4UOBHO4pcnaO8lH3voEkJwX5RqHa5eIdaQFDol/OTEK","level":"info","message":"Generated Salt and Hash","salt":"$2b$10$lHP8hPbIsJ4UOBHO4pcnaO"}
{"inputPassword":"rebelle1234567890","level":"info","message":"Password comparison result","result":false,"storedHash":"$2b$10$vF4./Nne7lotA3XH/PP51eggaz4cSo/S9xmdw6oj9ryHFxPgZ4i4i"}
{"inputPassword":"rebelle1234567890","level":"info","manualHash":"$2b$10$vF4./Nne7lotA3XH/PP51even3SG9cRruQutM9s65wgoTbjG53aqS","message":"Manual hash result","storedHash":"$2b$10$vF4./Nne7lotA3XH/PP51eggaz4cSo/S9xmdw6oj9ryHFxPgZ4i4i"}
{"inputPassword":"rebelle1234567890","level":"error","manualHash":"$2b$10$vF4./Nne7lotA3XH/PP51even3SG9cRruQutM9s65wgoTbjG53aqS","message":"Hash mismatch detected. Further  estigation required.","storedHash":"$2b$10$vF4./Nne7lotA3XH/PP51eggaz4cSo/S9xmdw6oj9ryHFxPgZ4i4i"}
{"hashedPassword":"$2b$10$YyQdhP/lfJmLa/JZKG5YXuKi7ZdUyWuLrDAGNr09uR84WiD/puxvi","level":"info","message":"Generated Salt and Hash","salt":"$2b$10$YyQdhP/lfJmLa/JZKG5YXu"}
{"inputPassword":"rebelle1234567890","level":"info","message":"Password comparison result","result":false,"storedHash":"$2b$10$vF4./Nne7lotA3XH/PP51eggaz4cSo/S9xmdw6oj9ryHFxPgZ4i4i"}
{"inputPassword":"rebelle1234567890","level":"info","manualHash":"$2b$10$vF4./Nne7lotA3XH/PP51even3SG9cRruQutM9s65wgoTbjG53aqS","message":"Manual hash result","storedHash":"$2b$10$vF4./Nne7lotA3XH/PP51eggaz4cSo/S9xmdw6oj9ryHFxPgZ4i4i"}
{"inputPassword":"rebelle1234567890","level":"error","manualHash":"$2b$10$vF4./Nne7lotA3XH/PP51even3SG9cRruQutM9s65wgoTbjG53aqS","message":"Hash mismatch detected. Further  estigation required.","storedHash":"$2b$10$vF4./Nne7lotA3XH/PP51eggaz4cSo/S9xmdw6oj9ryHFxPgZ4i4i"}
{"hashedPassword":"$2b$10$O57La94lpbhBjw5xqZCPJu7TdzhtAGmxmssTnrWnpvHtYmbzv8cpS","level":"info","message":"Generated Salt and Hash","salt":"$2b$10$O57La94lpbhBjw5xqZCPJu"}
{"inputPassword":"rebelle1234567890","level":"info","message":"Password comparison result","result":false,"storedHash":"$2b$10$vF4./Nne7lotA3XH/PP51eggaz4cSo/S9xmdw6oj9ryHFxPgZ4i4i"}
{"inputPassword":"rebelle1234567890","level":"info","manualHash":"$2b$10$vF4./Nne7lotA3XH/PP51even3SG9cRruQutM9s65wgoTbjG53aqS","message":"Manual hash result","storedHash":"$2b$10$vF4./Nne7lotA3XH/PP51eggaz4cSo/S9xmdw6oj9ryHFxPgZ4i4i"}
{"inputPassword":"rebelle1234567890","level":"error","manualHash":"$2b$10$vF4./Nne7lotA3XH/PP51even3SG9cRruQutM9s65wgoTbjG53aqS","message":"Hash mismatch detected. Further  estigation required.","storedHash":"$2b$10$vF4./Nne7lotA3XH/PP51eggaz4cSo/S9xmdw6oj9ryHFxPgZ4i4i"}
{"hashedPassword":"$2b$10$LQb9Yg7WP.x0yeJyG/oX5eaTb6eUhpwRa0SEseJulko.0jNWXq8om","level":"info","message":"Generated Salt and Hash","salt":"$2b$10$LQb9Yg7WP.x0yeJyG/oX5e"}
{"inputPassword":"rebelle1234567890","level":"info","message":"Password comparison result","result":false,"storedHash":"$2b$10$vF4./Nne7lotA3XH/PP51eggaz4cSo/S9xmdw6oj9ryHFxPgZ4i4i"}
{"inputPassword":"rebelle1234567890","level":"info","manualHash":"$2b$10$vF4./Nne7lotA3XH/PP51even3SG9cRruQutM9s65wgoTbjG53aqS","message":"Manual hash result","storedHash":"$2b$10$vF4./Nne7lotA3XH/PP51eggaz4cSo/S9xmdw6oj9ryHFxPgZ4i4i"}
{"inputPassword":"rebelle1234567890","level":"error","manualHash":"$2b$10$vF4./Nne7lotA3XH/PP51even3SG9cRruQutM9s65wgoTbjG53aqS","message":"Hash mismatch detected. Further  estigation required.","storedHash":"$2b$10$vF4./Nne7lotA3XH/PP51eggaz4cSo/S9xmdw6oj9ryHFxPgZ4i4i"}
{"hashedPassword":"$2b$10$iT3nvTpR1LgFjsZgBXvvh.SWm3LaPzhdVHZPyxk6w1esGMvlaytIa","level":"info","message":"Generated Salt and Hash","salt":"$2b$10$iT3nvTpR1LgFjsZgBXvvh."}
{"inputPassword":"rebelle1234567890","level":"info","message":"Password comparison result","result":false,"storedHash":"$2b$10$vF4./Nne7lotA3XH/PP51eggaz4cSo/S9xmdw6oj9ryHFxPgZ4i4i"}
{"inputPassword":"rebelle1234567890","level":"info","manualHash":"$2b$10$vF4./Nne7lotA3XH/PP51even3SG9cRruQutM9s65wgoTbjG53aqS","message":"Manual hash result","storedHash":"$2b$10$vF4./Nne7lotA3XH/PP51eggaz4cSo/S9xmdw6oj9ryHFxPgZ4i4i"}
{"inputPassword":"rebelle1234567890","level":"error","manualHash":"$2b$10$vF4./Nne7lotA3XH/PP51even3SG9cRruQutM9s65wgoTbjG53aqS","message":"Hash mismatch detected. Further  estigation required.","storedHash":"$2b$10$vF4./Nne7lotA3XH/PP51eggaz4cSo/S9xmdw6oj9ryHFxPgZ4i4i"}
{"hashedPassword":"$2b$10$t8cu0B.FqrsjHylJJnkJwuXLApJyrJgDvrfMv9RR6kcgEgP3hgOBK","level":"info","message":"Generated Salt and Hash","salt":"$2b$10$t8cu0B.FqrsjHylJJnkJwu"}
{"inputPassword":"rebelle1234567890","level":"info","message":"Password comparison result","result":false,"storedHash":"$2b$10$vF4./Nne7lotA3XH/PP51eggaz4cSo/S9xmdw6oj9ryHFxPgZ4i4i"}
{"inputPassword":"rebelle1234567890","level":"info","manualHash":"$2b$10$vF4./Nne7lotA3XH/PP51even3SG9cRruQutM9s65wgoTbjG53aqS","message":"Manual hash result","storedHash":"$2b$10$vF4./Nne7lotA3XH/PP51eggaz4cSo/S9xmdw6oj9ryHFxPgZ4i4i"}
{"inputPassword":"rebelle1234567890","level":"error","manualHash":"$2b$10$vF4./Nne7lotA3XH/PP51even3SG9cRruQutM9s65wgoTbjG53aqS","message":"Hash mismatch detected. Further  estigation required.","storedHash":"$2b$10$vF4./Nne7lotA3XH/PP51eggaz4cSo/S9xmdw6oj9ryHFxPgZ4i4i"}
{"hashedPassword":"$2b$10$zdAiR9XEh1vzhNqvd14v9.Veem3ikGXdTqrIPKLhEp9kV1ljzXHs6","level":"info","message":"Generated Salt and Hash","salt":"$2b$10$zdAiR9XEh1vzhNqvd14v9."}
{"inputPassword":"rebelle1234567890","level":"info","message":"Password comparison result","result":false,"storedHash":"$2b$10$vF4./Nne7lotA3XH/PP51eggaz4cSo/S9xmdw6oj9ryHFxPgZ4i4i"}
{"inputPassword":"rebelle1234567890","level":"info","manualHash":"$2b$10$vF4./Nne7lotA3XH/PP51even3SG9cRruQutM9s65wgoTbjG53aqS","message":"Manual hash result","storedHash":"$2b$10$vF4./Nne7lotA3XH/PP51eggaz4cSo/S9xmdw6oj9ryHFxPgZ4i4i"}
{"inputPassword":"rebelle1234567890","level":"error","manualHash":"$2b$10$vF4./Nne7lotA3XH/PP51even3SG9cRruQutM9s65wgoTbjG53aqS","message":"Hash mismatch detected. Further  estigation required.","storedHash":"$2b$10$vF4./Nne7lotA3XH/PP51eggaz4cSo/S9xmdw6oj9ryHFxPgZ4i4i"}
{"hashedPassword":"$2b$10$OAiSKfpxHHYmF32cP8PV6u7X1dYsUnej5yYTkJ/mpxv5punxyOYF.","level":"info","message":"Generated Salt and Hash","salt":"$2b$10$OAiSKfpxHHYmF32cP8PV6u"}
{"inputPassword":"rebelle1234567890","level":"info","message":"Password comparison result","result":false,"storedHash":"$2b$10$vF4./Nne7lotA3XH/PP51eggaz4cSo/S9xmdw6oj9ryHFxPgZ4i4i"}
{"inputPassword":"rebelle1234567890","level":"info","manualHash":"$2b$10$vF4./Nne7lotA3XH/PP51even3SG9cRruQutM9s65wgoTbjG53aqS","message":"Manual hash result","storedHash":"$2b$10$vF4./Nne7lotA3XH/PP51eggaz4cSo/S9xmdw6oj9ryHFxPgZ4i4i"}
{"inputPassword":"rebelle1234567890","level":"error","manualHash":"$2b$10$vF4./Nne7lotA3XH/PP51even3SG9cRruQutM9s65wgoTbjG53aqS","message":"Hash mismatch detected. Further  estigation required.","storedHash":"$2b$10$vF4./Nne7lotA3XH/PP51eggaz4cSo/S9xmdw6oj9ryHFxPgZ4i4i"}
{"hashedPassword":"$2b$10$li0ZWQmTaB605NnfJpROseWbVuZ4G8FOmWehDVF2hw58VjxaXeGLO","level":"info","message":"Generated Salt and Hash","salt":"$2b$10$li0ZWQmTaB605NnfJpROse"}
{"inputPassword":"rebelle1234567890","level":"info","message":"Password comparison result","result":false,"storedHash":"$2b$10$vF4./Nne7lotA3XH/PP51eggaz4cSo/S9xmdw6oj9ryHFxPgZ4i4i"}
{"inputPassword":"rebelle1234567890","level":"info","manualHash":"$2b$10$vF4./Nne7lotA3XH/PP51even3SG9cRruQutM9s65wgoTbjG53aqS","message":"Manual hash result","storedHash":"$2b$10$vF4./Nne7lotA3XH/PP51eggaz4cSo/S9xmdw6oj9ryHFxPgZ4i4i"}
{"inputPassword":"rebelle1234567890","level":"error","manualHash":"$2b$10$vF4./Nne7lotA3XH/PP51even3SG9cRruQutM9s65wgoTbjG53aqS","message":"Hash mismatch detected. Further  estigation required.","storedHash":"$2b$10$vF4./Nne7lotA3XH/PP51eggaz4cSo/S9xmdw6oj9ryHFxPgZ4i4i"}
{"hashedPassword":"$2b$10$J.QMbZdWEwlHrsF02OzVb.8.Zok0ZhNCMsZtogK6OBuQhEp7DWffu","level":"info","message":"Generated Salt and Hash","salt":"$2b$10$J.QMbZdWEwlHrsF02OzVb."}
{"inputPassword":"rebelle1234567890","level":"info","message":"Password comparison result","result":false,"storedHash":"$2b$10$vF4./Nne7lotA3XH/PP51eggaz4cSo/S9xmdw6oj9ryHFxPgZ4i4i"}
{"inputPassword":"rebelle1234567890","level":"info","manualHash":"$2b$10$vF4./Nne7lotA3XH/PP51even3SG9cRruQutM9s65wgoTbjG53aqS","message":"Manual hash result","storedHash":"$2b$10$vF4./Nne7lotA3XH/PP51eggaz4cSo/S9xmdw6oj9ryHFxPgZ4i4i"}
{"inputPassword":"rebelle1234567890","level":"error","manualHash":"$2b$10$vF4./Nne7lotA3XH/PP51even3SG9cRruQutM9s65wgoTbjG53aqS","message":"Hash mismatch detected. Further  estigation required.","storedHash":"$2b$10$vF4./Nne7lotA3XH/PP51eggaz4cSo/S9xmdw6oj9ryHFxPgZ4i4i"}
{"hashedPassword":"$2b$10$rPnc.RE..DQ.kkesInK.bu7NGyud5.kmsdwfNobdOkev6d71/QbZK","level":"info","message":"Generated Salt and Hash","salt":"$2b$10$rPnc.RE..DQ.kkesInK.bu"}
{"inputPassword":"rebelle1234567890","level":"info","message":"Password comparison result","result":false,"storedHash":"$2b$10$vF4./Nne7lotA3XH/PP51eggaz4cSo/S9xmdw6oj9ryHFxPgZ4i4i"}
{"inputPassword":"rebelle1234567890","level":"info","manualHash":"$2b$10$vF4./Nne7lotA3XH/PP51even3SG9cRruQutM9s65wgoTbjG53aqS","message":"Manual hash result","storedHash":"$2b$10$vF4./Nne7lotA3XH/PP51eggaz4cSo/S9xmdw6oj9ryHFxPgZ4i4i"}
{"inputPassword":"rebelle1234567890","level":"error","manualHash":"$2b$10$vF4./Nne7lotA3XH/PP51even3SG9cRruQutM9s65wgoTbjG53aqS","message":"Hash mismatch detected. Further  estigation required.","storedHash":"$2b$10$vF4./Nne7lotA3XH/PP51eggaz4cSo/S9xmdw6oj9ryHFxPgZ4i4i"}
{"hashedPassword":"$2b$10$Be5Dz4gpgRWtsMmWa3LC0.XLA5WVYALs3PhT/Hlftps/x1u03SOp6","level":"info","message":"Generated Salt and Hash","salt":"$2b$10$Be5Dz4gpgRWtsMmWa3LC0."}
{"inputPassword":"rebelle1234567890","level":"info","message":"Password comparison result","result":false,"storedHash":"$2b$10$vF4./Nne7lotA3XH/PP51eggaz4cSo/S9xmdw6oj9ryHFxPgZ4i4i"}
{"inputPassword":"rebelle1234567890","level":"info","manualHash":"$2b$10$vF4./Nne7lotA3XH/PP51even3SG9cRruQutM9s65wgoTbjG53aqS","message":"Manual hash result","storedHash":"$2b$10$vF4./Nne7lotA3XH/PP51eggaz4cSo/S9xmdw6oj9ryHFxPgZ4i4i"}
{"inputPassword":"rebelle1234567890","level":"error","manualHash":"$2b$10$vF4./Nne7lotA3XH/PP51even3SG9cRruQutM9s65wgoTbjG53aqS","message":"Hash mismatch detected. Further  estigation required.","storedHash":"$2b$10$vF4./Nne7lotA3XH/PP51eggaz4cSo/S9xmdw6oj9ryHFxPgZ4i4i"}
{"hashedPassword":"$2b$10$B98D5mRRMTHnXkWBgUd0A.ionVk34t6bYwVIm4KLxlYXszzNL9x1i","level":"info","message":"Generated Salt and Hash","salt":"$2b$10$B98D5mRRMTHnXkWBgUd0A."}
{"inputPassword":"rebelle1234567890","level":"info","message":"Password comparison result","result":false,"storedHash":"$2b$10$vF4./Nne7lotA3XH/PP51eggaz4cSo/S9xmdw6oj9ryHFxPgZ4i4i"}
{"inputPassword":"rebelle1234567890","level":"info","manualHash":"$2b$10$vF4./Nne7lotA3XH/PP51even3SG9cRruQutM9s65wgoTbjG53aqS","message":"Manual hash result","storedHash":"$2b$10$vF4./Nne7lotA3XH/PP51eggaz4cSo/S9xmdw6oj9ryHFxPgZ4i4i"}
{"inputPassword":"rebelle1234567890","level":"error","manualHash":"$2b$10$vF4./Nne7lotA3XH/PP51even3SG9cRruQutM9s65wgoTbjG53aqS","message":"Hash mismatch detected. Further  estigation required.","storedHash":"$2b$10$vF4./Nne7lotA3XH/PP51eggaz4cSo/S9xmdw6oj9ryHFxPgZ4i4i"}
{"hashedPassword":"$2b$10$slTwacYjZgGjXVyvc70N6OCWf55/o99k3vQQWMNgsabgRKwrkZpja","level":"info","message":"Generated Salt and Hash","salt":"$2b$10$slTwacYjZgGjXVyvc70N6O"}
{"inputPassword":"rebelle1234567890","level":"info","message":"Password comparison result","result":false,"storedHash":"$2b$10$vF4./Nne7lotA3XH/PP51eggaz4cSo/S9xmdw6oj9ryHFxPgZ4i4i"}
{"inputPassword":"rebelle1234567890","level":"info","manualHash":"$2b$10$vF4./Nne7lotA3XH/PP51even3SG9cRruQutM9s65wgoTbjG53aqS","message":"Manual hash result","storedHash":"$2b$10$vF4./Nne7lotA3XH/PP51eggaz4cSo/S9xmdw6oj9ryHFxPgZ4i4i"}
{"inputPassword":"rebelle1234567890","level":"error","manualHash":"$2b$10$vF4./Nne7lotA3XH/PP51even3SG9cRruQutM9s65wgoTbjG53aqS","message":"Hash mismatch detected. Further  estigation required.","storedHash":"$2b$10$vF4./Nne7lotA3XH/PP51eggaz4cSo/S9xmdw6oj9ryHFxPgZ4i4i"}
{"hashedPassword":"$2b$10$yiu7p4IHK99A3STZ8rXozOiAkIXd/MXkYF.thxkO9e80KEFbM8vuy","level":"info","message":"Generated Salt and Hash","salt":"$2b$10$yiu7p4IHK99A3STZ8rXozO"}
{"inputPassword":"rebelle1234567890","level":"info","message":"Password comparison result","result":false,"storedHash":"$2b$10$vF4./Nne7lotA3XH/PP51eggaz4cSo/S9xmdw6oj9ryHFxPgZ4i4i"}
{"inputPassword":"rebelle1234567890","level":"info","manualHash":"$2b$10$vF4./Nne7lotA3XH/PP51even3SG9cRruQutM9s65wgoTbjG53aqS","message":"Manual hash result","storedHash":"$2b$10$vF4./Nne7lotA3XH/PP51eggaz4cSo/S9xmdw6oj9ryHFxPgZ4i4i"}
{"inputPassword":"rebelle1234567890","level":"error","manualHash":"$2b$10$vF4./Nne7lotA3XH/PP51even3SG9cRruQutM9s65wgoTbjG53aqS","message":"Hash mismatch detected. Further  estigation required.","storedHash":"$2b$10$vF4./Nne7lotA3XH/PP51eggaz4cSo/S9xmdw6oj9ryHFxPgZ4i4i"}
{"hashedPassword":"$2b$10$s6sjYBmVQgsEYOoSMd268u/4T8Wt4zc.aJfHehKpLmnXTwHJTJCEG","level":"info","message":"Generated Salt and Hash","salt":"$2b$10$s6sjYBmVQgsEYOoSMd268u"}
{"inputPassword":"rebelle1234567890","level":"info","message":"Password comparison result","result":false,"storedHash":"$2b$10$vF4./Nne7lotA3XH/PP51eggaz4cSo/S9xmdw6oj9ryHFxPgZ4i4i"}
{"inputPassword":"rebelle1234567890","level":"info","manualHash":"$2b$10$vF4./Nne7lotA3XH/PP51even3SG9cRruQutM9s65wgoTbjG53aqS","message":"Manual hash result","storedHash":"$2b$10$vF4./Nne7lotA3XH/PP51eggaz4cSo/S9xmdw6oj9ryHFxPgZ4i4i"}
{"inputPassword":"rebelle1234567890","level":"error","manualHash":"$2b$10$vF4./Nne7lotA3XH/PP51even3SG9cRruQutM9s65wgoTbjG53aqS","message":"Hash mismatch detected. Further  estigation required.","storedHash":"$2b$10$vF4./Nne7lotA3XH/PP51eggaz4cSo/S9xmdw6oj9ryHFxPgZ4i4i"}
{"hashedPassword":"$2b$10$BQHTQnaRz1cm.7jBNGwQTOh5qjVYEwm01UlPGexnpmsK4Jtjn50Fa","level":"info","message":"Generated Salt and Hash","salt":"$2b$10$BQHTQnaRz1cm.7jBNGwQTO"}
{"inputPassword":"rebelle1234567890","level":"info","message":"Password comparison result","result":false,"storedHash":"$2b$10$vF4./Nne7lotA3XH/PP51eggaz4cSo/S9xmdw6oj9ryHFxPgZ4i4i"}
{"inputPassword":"rebelle1234567890","level":"info","manualHash":"$2b$10$vF4./Nne7lotA3XH/PP51even3SG9cRruQutM9s65wgoTbjG53aqS","message":"Manual hash result","storedHash":"$2b$10$vF4./Nne7lotA3XH/PP51eggaz4cSo/S9xmdw6oj9ryHFxPgZ4i4i"}
{"inputPassword":"rebelle1234567890","level":"error","manualHash":"$2b$10$vF4./Nne7lotA3XH/PP51even3SG9cRruQutM9s65wgoTbjG53aqS","message":"Hash mismatch detected. Further  estigation required.","storedHash":"$2b$10$vF4./Nne7lotA3XH/PP51eggaz4cSo/S9xmdw6oj9ryHFxPgZ4i4i"}
{"hashedPassword":"$2b$10$XcIX7xVw3ZY43Fkje/MYce8V5n7Bqt9.2NcStAE4p0wKxjuTTbn8G","level":"info","message":"Generated Salt and Hash","salt":"$2b$10$XcIX7xVw3ZY43Fkje/MYce"}
{"inputPassword":"rebelle1234567890","level":"info","message":"Password comparison result","result":false,"storedHash":"$2b$10$vF4./Nne7lotA3XH/PP51eggaz4cSo/S9xmdw6oj9ryHFxPgZ4i4i"}
{"inputPassword":"rebelle1234567890","level":"info","manualHash":"$2b$10$vF4./Nne7lotA3XH/PP51even3SG9cRruQutM9s65wgoTbjG53aqS","message":"Manual hash result","storedHash":"$2b$10$vF4./Nne7lotA3XH/PP51eggaz4cSo/S9xmdw6oj9ryHFxPgZ4i4i"}
{"inputPassword":"rebelle1234567890","level":"error","manualHash":"$2b$10$vF4./Nne7lotA3XH/PP51even3SG9cRruQutM9s65wgoTbjG53aqS","message":"Hash mismatch detected. Further  estigation required.","storedHash":"$2b$10$vF4./Nne7lotA3XH/PP51eggaz4cSo/S9xmdw6oj9ryHFxPgZ4i4i"}
{"hashedPassword":"$2b$10$E2TnP/qlRBT5U17S4o5dmOz/Wo3cWbT4/ktf2dHJZ4xQ77yK8OE56","level":"info","message":"Generated Salt and Hash","salt":"$2b$10$E2TnP/qlRBT5U17S4o5dmO"}
{"inputPassword":"rebelle1234567890","level":"info","message":"Password comparison result","result":false,"storedHash":"$2b$10$vF4./Nne7lotA3XH/PP51eggaz4cSo/S9xmdw6oj9ryHFxPgZ4i4i"}
{"inputPassword":"rebelle1234567890","level":"info","manualHash":"$2b$10$vF4./Nne7lotA3XH/PP51even3SG9cRruQutM9s65wgoTbjG53aqS","message":"Manual hash result","storedHash":"$2b$10$vF4./Nne7lotA3XH/PP51eggaz4cSo/S9xmdw6oj9ryHFxPgZ4i4i"}
{"inputPassword":"rebelle1234567890","level":"error","manualHash":"$2b$10$vF4./Nne7lotA3XH/PP51even3SG9cRruQutM9s65wgoTbjG53aqS","message":"Hash mismatch detected. Further  estigation required.","storedHash":"$2b$10$vF4./Nne7lotA3XH/PP51eggaz4cSo/S9xmdw6oj9ryHFxPgZ4i4i"}
{"hashedPassword":"$2b$10$Rbk0R9eDGU0KERxxh6RhOO75YnyxrIqm7w4hdGdNJbfqG8hLVGLy6","level":"info","message":"Generated Salt and Hash","salt":"$2b$10$Rbk0R9eDGU0KERxxh6RhOO"}
{"inputPassword":"rebelle1234567890","level":"info","message":"Password comparison result","result":false,"storedHash":"$2b$10$vF4./Nne7lotA3XH/PP51eggaz4cSo/S9xmdw6oj9ryHFxPgZ4i4i"}
{"hashedPassword":"$2b$10$BER2zaGR6MwlFhn31QL3/uOcwQP0HUkIqD0TmoOP/GXPSNa0QWJbG","level":"info","message":"Generated Salt and Hash","salt":"$2b$10$BER2zaGR6MwlFhn31QL3/u"}
{"inputPassword":"rebelle1234567890","level":"info","message":"Password comparison result","result":false,"storedHash":"$2b$10$vF4./Nne7lotA3XH/PP51eggaz4cSo/S9xmdw6oj9ryHFxPgZ4i4i"}
{"inputPassword":"rebelle1234567890","level":"info","manualHash":"$2b$10$vF4./Nne7lotA3XH/PP51even3SG9cRruQutM9s65wgoTbjG53aqS","message":"Manual hash result","storedHash":"$2b$10$vF4./Nne7lotA3XH/PP51eggaz4cSo/S9xmdw6oj9ryHFxPgZ4i4i"}
{"inputPassword":"rebelle1234567890","level":"error","manualHash":"$2b$10$vF4./Nne7lotA3XH/PP51even3SG9cRruQutM9s65wgoTbjG53aqS","message":"Hash mismatch detected. Further  estigation required.","storedHash":"$2b$10$vF4./Nne7lotA3XH/PP51eggaz4cSo/S9xmdw6oj9ryHFxPgZ4i4i"}
{"hashedPassword":"$2b$10$EOOu7x2AXJE9I9S.2CGA3OxBkWl101lkS1biC0W1BAb7YQR8h8L36","level":"info","message":"Generated Salt and Hash","salt":"$2b$10$EOOu7x2AXJE9I9S.2CGA3O"}
{"inputPassword":"rebelle1234567890","level":"info","message":"Password comparison result","result":false,"storedHash":"$2b$10$vF4./Nne7lotA3XH/PP51eggaz4cSo/S9xmdw6oj9ryHFxPgZ4i4i"}
{"inputPassword":"rebelle1234567890","level":"info","manualHash":"$2b$10$vF4./Nne7lotA3XH/PP51even3SG9cRruQutM9s65wgoTbjG53aqS","message":"Manual hash result","storedHash":"$2b$10$vF4./Nne7lotA3XH/PP51eggaz4cSo/S9xmdw6oj9ryHFxPgZ4i4i"}
{"inputPassword":"rebelle1234567890","level":"error","manualHash":"$2b$10$vF4./Nne7lotA3XH/PP51even3SG9cRruQutM9s65wgoTbjG53aqS","message":"Hash mismatch detected. Further  estigation required.","storedHash":"$2b$10$vF4./Nne7lotA3XH/PP51eggaz4cSo/S9xmdw6oj9ryHFxPgZ4i4i"}
{"hashedPassword":"$2b$10$220zULtkWXFA.iq2B3KyFO8CCo1mt3A510.ZbPLLtmxuswuhMDgnm","level":"info","message":"Generated Salt and Hash","salt":"$2b$10$220zULtkWXFA.iq2B3KyFO"}
{"inputPassword":"rebelle1234567890","level":"info","message":"Password comparison result","result":false,"storedHash":"$2b$10$vF4./Nne7lotA3XH/PP51eggaz4cSo/S9xmdw6oj9ryHFxPgZ4i4i"}
{"inputPassword":"rebelle1234567890","level":"info","manualHash":"$2b$10$vF4./Nne7lotA3XH/PP51even3SG9cRruQutM9s65wgoTbjG53aqS","message":"Manual hash result","storedHash":"$2b$10$vF4./Nne7lotA3XH/PP51eggaz4cSo/S9xmdw6oj9ryHFxPgZ4i4i"}
{"inputPassword":"rebelle1234567890","level":"error","manualHash":"$2b$10$vF4./Nne7lotA3XH/PP51even3SG9cRruQutM9s65wgoTbjG53aqS","message":"Hash mismatch detected. Further  estigation required.","storedHash":"$2b$10$vF4./Nne7lotA3XH/PP51eggaz4cSo/S9xmdw6oj9ryHFxPgZ4i4i"}
{"hashedPassword":"$2b$10$giUTzDGGyXL7eEnyNMGTi.mwWc.6JAQ1Ic39YNq4wuQdAi0BFf1ZS","level":"info","message":"Generated Salt and Hash","salt":"$2b$10$giUTzDGGyXL7eEnyNMGTi."}
{"inputPassword":"rebelle1234567890","level":"info","message":"Password comparison result","result":false,"storedHash":"$2b$10$vF4./Nne7lotA3XH/PP51eggaz4cSo/S9xmdw6oj9ryHFxPgZ4i4i"}
{"inputPassword":"rebelle1234567890","level":"info","manualHash":"$2b$10$vF4./Nne7lotA3XH/PP51even3SG9cRruQutM9s65wgoTbjG53aqS","message":"Manual hash result","storedHash":"$2b$10$vF4./Nne7lotA3XH/PP51eggaz4cSo/S9xmdw6oj9ryHFxPgZ4i4i"}
{"inputPassword":"rebelle1234567890","level":"error","manualHash":"$2b$10$vF4./Nne7lotA3XH/PP51even3SG9cRruQutM9s65wgoTbjG53aqS","message":"Hash mismatch detected. Further  estigation required.","storedHash":"$2b$10$vF4./Nne7lotA3XH/PP51eggaz4cSo/S9xmdw6oj9ryHFxPgZ4i4i"}
{"hashedPassword":"$2b$10$7vavNRxtWa5l4COOpmJLD.1hCjc/XWidmB6q3hgCKS97anWxKUBiy","level":"info","message":"Generated Salt and Hash","salt":"$2b$10$7vavNRxtWa5l4COOpmJLD."}
{"inputPassword":"rebelle1234567890","level":"info","message":"Password comparison result","result":false,"storedHash":"$2b$10$vF4./Nne7lotA3XH/PP51eggaz4cSo/S9xmdw6oj9ryHFxPgZ4i4i"}
{"inputPassword":"rebelle1234567890","level":"info","manualHash":"$2b$10$vF4./Nne7lotA3XH/PP51even3SG9cRruQutM9s65wgoTbjG53aqS","message":"Manual hash result","storedHash":"$2b$10$vF4./Nne7lotA3XH/PP51eggaz4cSo/S9xmdw6oj9ryHFxPgZ4i4i"}
{"inputPassword":"rebelle1234567890","level":"error","manualHash":"$2b$10$vF4./Nne7lotA3XH/PP51even3SG9cRruQutM9s65wgoTbjG53aqS","message":"Hash mismatch detected. Further  estigation required.","storedHash":"$2b$10$vF4./Nne7lotA3XH/PP51eggaz4cSo/S9xmdw6oj9ryHFxPgZ4i4i"}
